{"C:\\Users\\henri\\Desktop\\techaxis\\techaxis\\server\\prisma.config.ts": {"path":"C:\\Users\\henri\\Desktop\\techaxis\\techaxis\\server\\prisma.config.ts","all":true,"statementMap":{"1":{"start":{"line":2,"column":0},"end":{"line":2,"column":23}},"2":{"start":{"line":3,"column":0},"end":{"line":3,"column":45}},"4":{"start":{"line":5,"column":0},"end":{"line":5,"column":29}},"5":{"start":{"line":6,"column":0},"end":{"line":6,"column":33}},"6":{"start":{"line":7,"column":0},"end":{"line":7,"column":15}},"7":{"start":{"line":8,"column":0},"end":{"line":8,"column":30}},"8":{"start":{"line":9,"column":0},"end":{"line":9,"column":39}},"9":{"start":{"line":10,"column":0},"end":{"line":10,"column":4}},"10":{"start":{"line":11,"column":0},"end":{"line":11,"column":15}},"11":{"start":{"line":12,"column":0},"end":{"line":12,"column":35}},"12":{"start":{"line":13,"column":0},"end":{"line":13,"column":4}},"13":{"start":{"line":14,"column":0},"end":{"line":14,"column":3}}},"s":{"1":0,"2":0,"4":0,"5":0,"6":0,"7":0,"8":0,"9":0,"10":0,"11":0,"12":0,"13":0},"branchMap":{"0":{"type":"branch","line":1,"loc":{"start":{"line":1,"column":331},"end":{"line":14,"column":3}},"locations":[{"start":{"line":1,"column":331},"end":{"line":14,"column":3}}]}},"b":{"0":[1]},"fnMap":{"0":{"name":"(empty-report)","decl":{"start":{"line":1,"column":331},"end":{"line":14,"column":3}},"loc":{"start":{"line":1,"column":331},"end":{"line":14,"column":3}},"line":1}},"f":{"0":1}}
,"C:\\Users\\henri\\Desktop\\techaxis\\techaxis\\server\\prisma\\seed.ts": {"path":"C:\\Users\\henri\\Desktop\\techaxis\\techaxis\\server\\prisma\\seed.ts","all":true,"statementMap":{"0":{"start":{"line":1,"column":0},"end":{"line":1,"column":23}},"1":{"start":{"line":2,"column":0},"end":{"line":2,"column":28}},"2":{"start":{"line":3,"column":0},"end":{"line":3,"column":69}},"3":{"start":{"line":4,"column":0},"end":{"line":4,"column":49}},"4":{"start":{"line":5,"column":0},"end":{"line":5,"column":30}},"6":{"start":{"line":7,"column":0},"end":{"line":7,"column":23}},"7":{"start":{"line":8,"column":0},"end":{"line":8,"column":39}},"9":{"start":{"line":10,"column":0},"end":{"line":10,"column":9}},"10":{"start":{"line":11,"column":0},"end":{"line":11,"column":121}},"11":{"start":{"line":12,"column":0},"end":{"line":12,"column":13}},"12":{"start":{"line":13,"column":0},"end":{"line":13,"column":58}},"13":{"start":{"line":14,"column":0},"end":{"line":14,"column":39}},"14":{"start":{"line":15,"column":0},"end":{"line":15,"column":42}},"15":{"start":{"line":16,"column":0},"end":{"line":16,"column":43}},"16":{"start":{"line":17,"column":0},"end":{"line":17,"column":39}},"17":{"start":{"line":18,"column":0},"end":{"line":18,"column":5}},"19":{"start":{"line":20,"column":0},"end":{"line":20,"column":59}},"21":{"start":{"line":22,"column":0},"end":{"line":22,"column":23}},"22":{"start":{"line":23,"column":0},"end":{"line":23,"column":78}},"23":{"start":{"line":24,"column":0},"end":{"line":24,"column":80}},"24":{"start":{"line":25,"column":0},"end":{"line":25,"column":81}},"25":{"start":{"line":26,"column":0},"end":{"line":26,"column":89}},"26":{"start":{"line":27,"column":0},"end":{"line":27,"column":6}},"28":{"start":{"line":29,"column":0},"end":{"line":29,"column":21}},"29":{"start":{"line":30,"column":0},"end":{"line":30,"column":39}},"30":{"start":{"line":31,"column":0},"end":{"line":31,"column":47}},"31":{"start":{"line":32,"column":0},"end":{"line":32,"column":19}},"32":{"start":{"line":33,"column":0},"end":{"line":33,"column":38}},"33":{"start":{"line":34,"column":0},"end":{"line":34,"column":36}},"34":{"start":{"line":35,"column":0},"end":{"line":35,"column":44}},"35":{"start":{"line":36,"column":0},"end":{"line":36,"column":36}},"36":{"start":{"line":37,"column":0},"end":{"line":37,"column":14}},"37":{"start":{"line":38,"column":0},"end":{"line":38,"column":11}},"38":{"start":{"line":39,"column":0},"end":{"line":39,"column":25}},"39":{"start":{"line":40,"column":0},"end":{"line":40,"column":5}},"41":{"start":{"line":42,"column":0},"end":{"line":42,"column":33}},"43":{"start":{"line":44,"column":0},"end":{"line":44,"column":28}},"44":{"start":{"line":45,"column":0},"end":{"line":45,"column":35}},"45":{"start":{"line":46,"column":0},"end":{"line":46,"column":29}},"46":{"start":{"line":47,"column":0},"end":{"line":47,"column":29}},"47":{"start":{"line":48,"column":0},"end":{"line":48,"column":23}},"48":{"start":{"line":49,"column":0},"end":{"line":49,"column":25}},"49":{"start":{"line":50,"column":0},"end":{"line":50,"column":6}},"51":{"start":{"line":52,"column":0},"end":{"line":52,"column":50}},"53":{"start":{"line":54,"column":0},"end":{"line":54,"column":39}},"54":{"start":{"line":55,"column":0},"end":{"line":55,"column":68}},"55":{"start":{"line":56,"column":0},"end":{"line":56,"column":42}},"56":{"start":{"line":57,"column":0},"end":{"line":57,"column":5}},"58":{"start":{"line":59,"column":0},"end":{"line":59,"column":38}},"60":{"start":{"line":61,"column":0},"end":{"line":61,"column":708}},"61":{"start":{"line":62,"column":0},"end":{"line":62,"column":151}},"64":{"start":{"line":65,"column":0},"end":{"line":65,"column":25}},"70":{"start":{"line":71,"column":0},"end":{"line":71,"column":11}},"72":{"start":{"line":73,"column":0},"end":{"line":73,"column":146}},"73":{"start":{"line":74,"column":0},"end":{"line":74,"column":146}},"74":{"start":{"line":75,"column":0},"end":{"line":75,"column":146}},"77":{"start":{"line":78,"column":0},"end":{"line":78,"column":132}},"78":{"start":{"line":79,"column":0},"end":{"line":79,"column":132}},"81":{"start":{"line":82,"column":0},"end":{"line":82,"column":134}},"82":{"start":{"line":83,"column":0},"end":{"line":83,"column":134}},"83":{"start":{"line":84,"column":0},"end":{"line":84,"column":134}},"86":{"start":{"line":87,"column":0},"end":{"line":87,"column":120}},"87":{"start":{"line":88,"column":0},"end":{"line":88,"column":120}},"90":{"start":{"line":91,"column":0},"end":{"line":91,"column":126}},"91":{"start":{"line":92,"column":0},"end":{"line":92,"column":126}},"92":{"start":{"line":93,"column":0},"end":{"line":93,"column":6}},"95":{"start":{"line":96,"column":0},"end":{"line":96,"column":28}},"96":{"start":{"line":97,"column":0},"end":{"line":97,"column":51}},"97":{"start":{"line":98,"column":0},"end":{"line":98,"column":34}},"98":{"start":{"line":99,"column":0},"end":{"line":99,"column":35}},"99":{"start":{"line":100,"column":0},"end":{"line":100,"column":51}},"101":{"start":{"line":102,"column":0},"end":{"line":102,"column":65}},"103":{"start":{"line":104,"column":0},"end":{"line":104,"column":47}},"104":{"start":{"line":105,"column":0},"end":{"line":105,"column":19}},"105":{"start":{"line":106,"column":0},"end":{"line":106,"column":43}},"106":{"start":{"line":107,"column":0},"end":{"line":107,"column":42}},"107":{"start":{"line":108,"column":0},"end":{"line":108,"column":38}},"108":{"start":{"line":109,"column":0},"end":{"line":109,"column":28}},"109":{"start":{"line":110,"column":0},"end":{"line":110,"column":54}},"110":{"start":{"line":111,"column":0},"end":{"line":111,"column":24}},"111":{"start":{"line":112,"column":0},"end":{"line":112,"column":14}},"112":{"start":{"line":113,"column":0},"end":{"line":113,"column":11}},"113":{"start":{"line":114,"column":0},"end":{"line":114,"column":32}},"114":{"start":{"line":115,"column":0},"end":{"line":115,"column":5}},"116":{"start":{"line":117,"column":0},"end":{"line":117,"column":33}},"119":{"start":{"line":120,"column":0},"end":{"line":120,"column":51}},"120":{"start":{"line":121,"column":0},"end":{"line":121,"column":34}},"121":{"start":{"line":122,"column":0},"end":{"line":122,"column":69}},"122":{"start":{"line":123,"column":0},"end":{"line":123,"column":85}},"124":{"start":{"line":125,"column":0},"end":{"line":125,"column":37}},"125":{"start":{"line":126,"column":0},"end":{"line":126,"column":19}},"126":{"start":{"line":127,"column":0},"end":{"line":127,"column":31}},"127":{"start":{"line":128,"column":0},"end":{"line":128,"column":21}},"128":{"start":{"line":129,"column":0},"end":{"line":129,"column":38}},"129":{"start":{"line":130,"column":0},"end":{"line":130,"column":38}},"130":{"start":{"line":131,"column":0},"end":{"line":131,"column":33}},"131":{"start":{"line":132,"column":0},"end":{"line":132,"column":41}},"132":{"start":{"line":133,"column":0},"end":{"line":133,"column":94}},"133":{"start":{"line":134,"column":0},"end":{"line":134,"column":28}},"134":{"start":{"line":135,"column":0},"end":{"line":135,"column":50}},"135":{"start":{"line":136,"column":0},"end":{"line":136,"column":51}},"136":{"start":{"line":137,"column":0},"end":{"line":137,"column":43}},"137":{"start":{"line":138,"column":0},"end":{"line":138,"column":14}},"138":{"start":{"line":139,"column":0},"end":{"line":139,"column":11}},"139":{"start":{"line":140,"column":0},"end":{"line":140,"column":5}},"141":{"start":{"line":142,"column":0},"end":{"line":142,"column":36}},"142":{"start":{"line":143,"column":0},"end":{"line":143,"column":37}},"143":{"start":{"line":144,"column":0},"end":{"line":144,"column":1}},"145":{"start":{"line":146,"column":0},"end":{"line":146,"column":6}},"146":{"start":{"line":147,"column":0},"end":{"line":147,"column":19}},"147":{"start":{"line":148,"column":0},"end":{"line":148,"column":25}},"148":{"start":{"line":149,"column":0},"end":{"line":149,"column":24}},"149":{"start":{"line":150,"column":0},"end":{"line":150,"column":6}},"150":{"start":{"line":151,"column":0},"end":{"line":151,"column":26}},"151":{"start":{"line":152,"column":0},"end":{"line":152,"column":35}},"152":{"start":{"line":153,"column":0},"end":{"line":153,"column":7}}},"s":{"0":0,"1":0,"2":0,"3":0,"4":0,"6":0,"7":0,"9":0,"10":0,"11":0,"12":0,"13":0,"14":0,"15":0,"16":0,"17":0,"19":0,"21":0,"22":0,"23":0,"24":0,"25":0,"26":0,"28":0,"29":0,"30":0,"31":0,"32":0,"33":0,"34":0,"35":0,"36":0,"37":0,"38":0,"39":0,"41":0,"43":0,"44":0,"45":0,"46":0,"47":0,"48":0,"49":0,"51":0,"53":0,"54":0,"55":0,"56":0,"58":0,"60":0,"61":0,"64":0,"70":0,"72":0,"73":0,"74":0,"77":0,"78":0,"81":0,"82":0,"83":0,"86":0,"87":0,"90":0,"91":0,"92":0,"95":0,"96":0,"97":0,"98":0,"99":0,"101":0,"103":0,"104":0,"105":0,"106":0,"107":0,"108":0,"109":0,"110":0,"111":0,"112":0,"113":0,"114":0,"116":0,"119":0,"120":0,"121":0,"122":0,"124":0,"125":0,"126":0,"127":0,"128":0,"129":0,"130":0,"131":0,"132":0,"133":0,"134":0,"135":0,"136":0,"137":0,"138":0,"139":0,"141":0,"142":0,"143":0,"145":0,"146":0,"147":0,"148":0,"149":0,"150":0,"151":0,"152":0},"branchMap":{"0":{"type":"branch","line":1,"loc":{"start":{"line":1,"column":6739},"end":{"line":153,"column":7}},"locations":[{"start":{"line":1,"column":6739},"end":{"line":153,"column":7}}]}},"b":{"0":[0]},"fnMap":{"0":{"name":"(empty-report)","decl":{"start":{"line":1,"column":6739},"end":{"line":153,"column":7}},"loc":{"start":{"line":1,"column":6739},"end":{"line":153,"column":7}},"line":1}},"f":{"0":0}}
,"C:\\Users\\henri\\Desktop\\techaxis\\techaxis\\server\\src\\index.ts": {"path":"C:\\Users\\henri\\Desktop\\techaxis\\techaxis\\server\\src\\index.ts","all":true,"statementMap":{"0":{"start":{"line":1,"column":0},"end":{"line":1,"column":65}},"1":{"start":{"line":2,"column":0},"end":{"line":2,"column":28}},"2":{"start":{"line":3,"column":0},"end":{"line":3,"column":24}},"3":{"start":{"line":4,"column":0},"end":{"line":4,"column":24}},"4":{"start":{"line":5,"column":0},"end":{"line":5,"column":37}},"5":{"start":{"line":6,"column":0},"end":{"line":6,"column":69}},"7":{"start":{"line":8,"column":0},"end":{"line":8,"column":16}},"9":{"start":{"line":10,"column":0},"end":{"line":10,"column":22}},"10":{"start":{"line":11,"column":0},"end":{"line":11,"column":38}},"13":{"start":{"line":14,"column":0},"end":{"line":14,"column":16}},"14":{"start":{"line":15,"column":0},"end":{"line":15,"column":24}},"17":{"start":{"line":18,"column":0},"end":{"line":18,"column":75}},"20":{"start":{"line":21,"column":0},"end":{"line":21,"column":23}},"23":{"start":{"line":24,"column":0},"end":{"line":24,"column":76}},"24":{"start":{"line":25,"column":0},"end":{"line":25,"column":21}},"25":{"start":{"line":26,"column":0},"end":{"line":26,"column":67}},"26":{"start":{"line":27,"column":0},"end":{"line":27,"column":43}},"27":{"start":{"line":28,"column":0},"end":{"line":28,"column":3}},"30":{"start":{"line":31,"column":0},"end":{"line":31,"column":24}},"31":{"start":{"line":32,"column":0},"end":{"line":32,"column":65}},"32":{"start":{"line":33,"column":0},"end":{"line":33,"column":30}},"33":{"start":{"line":34,"column":0},"end":{"line":34,"column":3}}},"s":{"0":0,"1":0,"2":0,"3":0,"4":0,"5":0,"7":0,"9":0,"10":0,"13":0,"14":0,"17":0,"20":0,"23":0,"24":0,"25":0,"26":0,"27":0,"30":0,"31":0,"32":0,"33":0},"branchMap":{"0":{"type":"branch","line":1,"loc":{"start":{"line":1,"column":0},"end":{"line":34,"column":-460}},"locations":[{"start":{"line":1,"column":0},"end":{"line":34,"column":-460}}]}},"b":{"0":[0]},"fnMap":{"0":{"name":"(empty-report)","decl":{"start":{"line":1,"column":0},"end":{"line":34,"column":-460}},"loc":{"start":{"line":1,"column":0},"end":{"line":34,"column":-460}},"line":1}},"f":{"0":0}}
,"C:\\Users\\henri\\Desktop\\techaxis\\techaxis\\server\\src\\config\\db.config.ts": {"path":"C:\\Users\\henri\\Desktop\\techaxis\\techaxis\\server\\src\\config\\db.config.ts","all":true,"statementMap":{"0":{"start":{"line":1,"column":0},"end":{"line":1,"column":23}},"1":{"start":{"line":2,"column":0},"end":{"line":2,"column":58}},"2":{"start":{"line":3,"column":0},"end":{"line":3,"column":46}},"4":{"start":{"line":5,"column":0},"end":{"line":5,"column":77}},"5":{"start":{"line":6,"column":0},"end":{"line":6,"column":52}}},"s":{"0":0,"1":0,"2":0,"4":0,"5":0},"branchMap":{"0":{"type":"branch","line":1,"loc":{"start":{"line":1,"column":266},"end":{"line":6,"column":52}},"locations":[{"start":{"line":1,"column":266},"end":{"line":6,"column":52}}]}},"b":{"0":[0]},"fnMap":{"0":{"name":"(empty-report)","decl":{"start":{"line":1,"column":266},"end":{"line":6,"column":52}},"loc":{"start":{"line":1,"column":266},"end":{"line":6,"column":52}},"line":1}},"f":{"0":0}}
,"C:\\Users\\henri\\Desktop\\techaxis\\techaxis\\server\\src\\config\\env.config.ts": {"path":"C:\\Users\\henri\\Desktop\\techaxis\\techaxis\\server\\src\\config\\env.config.ts","all":true,"statementMap":{"0":{"start":{"line":1,"column":0},"end":{"line":1,"column":28}},"1":{"start":{"line":2,"column":0},"end":{"line":2,"column":24}},"3":{"start":{"line":4,"column":0},"end":{"line":4,"column":16}},"6":{"start":{"line":7,"column":0},"end":{"line":7,"column":25}},"7":{"start":{"line":8,"column":0},"end":{"line":8,"column":83}},"8":{"start":{"line":9,"column":0},"end":{"line":9,"column":59}},"9":{"start":{"line":10,"column":0},"end":{"line":10,"column":42}},"11":{"start":{"line":12,"column":0},"end":{"line":12,"column":36}},"12":{"start":{"line":13,"column":0},"end":{"line":13,"column":24}},"13":{"start":{"line":14,"column":0},"end":{"line":14,"column":31}},"14":{"start":{"line":15,"column":0},"end":{"line":15,"column":24}},"15":{"start":{"line":16,"column":0},"end":{"line":16,"column":24}},"16":{"start":{"line":17,"column":0},"end":{"line":17,"column":28}},"18":{"start":{"line":19,"column":0},"end":{"line":19,"column":34}},"19":{"start":{"line":20,"column":0},"end":{"line":20,"column":45}},"20":{"start":{"line":21,"column":0},"end":{"line":21,"column":3}},"22":{"start":{"line":23,"column":0},"end":{"line":23,"column":45}},"24":{"start":{"line":25,"column":0},"end":{"line":25,"column":22}},"25":{"start":{"line":26,"column":0},"end":{"line":26,"column":51}},"26":{"start":{"line":27,"column":0},"end":{"line":27,"column":1}},"28":{"start":{"line":29,"column":0},"end":{"line":29,"column":20}},"29":{"start":{"line":30,"column":0},"end":{"line":30,"column":32}},"30":{"start":{"line":31,"column":0},"end":{"line":31,"column":25}},"31":{"start":{"line":32,"column":0},"end":{"line":32,"column":25}},"33":{"start":{"line":34,"column":0},"end":{"line":34,"column":40}},"34":{"start":{"line":35,"column":0},"end":{"line":35,"column":7}},"35":{"start":{"line":36,"column":0},"end":{"line":36,"column":30}},"36":{"start":{"line":37,"column":0},"end":{"line":37,"column":30}},"37":{"start":{"line":38,"column":0},"end":{"line":38,"column":30}},"38":{"start":{"line":39,"column":0},"end":{"line":39,"column":30}},"39":{"start":{"line":40,"column":0},"end":{"line":40,"column":38}},"40":{"start":{"line":41,"column":0},"end":{"line":41,"column":4}},"42":{"start":{"line":43,"column":0},"end":{"line":43,"column":8}},"43":{"start":{"line":44,"column":0},"end":{"line":44,"column":35}},"44":{"start":{"line":45,"column":0},"end":{"line":45,"column":42}},"45":{"start":{"line":46,"column":0},"end":{"line":46,"column":4}},"47":{"start":{"line":48,"column":0},"end":{"line":48,"column":11}},"51":{"start":{"line":52,"column":0},"end":{"line":52,"column":19}}},"s":{"0":0,"1":0,"3":0,"6":0,"7":0,"8":0,"9":0,"11":0,"12":0,"13":0,"14":0,"15":0,"16":0,"18":0,"19":0,"20":0,"22":0,"24":0,"25":0,"26":0,"28":0,"29":0,"30":0,"31":0,"33":0,"34":0,"35":0,"36":0,"37":0,"38":0,"39":0,"40":0,"42":0,"43":0,"44":0,"45":0,"47":0,"51":0},"branchMap":{"0":{"type":"branch","line":1,"loc":{"start":{"line":1,"column":1241},"end":{"line":52,"column":19}},"locations":[{"start":{"line":1,"column":1241},"end":{"line":52,"column":19}}]}},"b":{"0":[0]},"fnMap":{"0":{"name":"(empty-report)","decl":{"start":{"line":1,"column":1241},"end":{"line":52,"column":19}},"loc":{"start":{"line":1,"column":1241},"end":{"line":52,"column":19}},"line":1}},"f":{"0":0}}
,"C:\\Users\\henri\\Desktop\\techaxis\\techaxis\\server\\src\\config\\upload.config.ts": {"path":"C:\\Users\\henri\\Desktop\\techaxis\\techaxis\\server\\src\\config\\upload.config.ts","all":true,"statementMap":{"0":{"start":{"line":1,"column":0},"end":{"line":1,"column":28}},"1":{"start":{"line":2,"column":0},"end":{"line":2,"column":24}},"2":{"start":{"line":3,"column":0},"end":{"line":3,"column":20}},"3":{"start":{"line":4,"column":0},"end":{"line":4,"column":28}},"5":{"start":{"line":6,"column":0},"end":{"line":6,"column":76}},"7":{"start":{"line":8,"column":0},"end":{"line":8,"column":32}},"8":{"start":{"line":9,"column":0},"end":{"line":9,"column":49}},"9":{"start":{"line":10,"column":0},"end":{"line":10,"column":1}},"11":{"start":{"line":12,"column":0},"end":{"line":12,"column":36}},"12":{"start":{"line":13,"column":0},"end":{"line":13,"column":39}},"13":{"start":{"line":14,"column":0},"end":{"line":14,"column":28}},"14":{"start":{"line":15,"column":0},"end":{"line":15,"column":6}},"15":{"start":{"line":16,"column":0},"end":{"line":16,"column":35}},"16":{"start":{"line":17,"column":0},"end":{"line":17,"column":68}},"17":{"start":{"line":18,"column":0},"end":{"line":18,"column":52}},"18":{"start":{"line":19,"column":0},"end":{"line":19,"column":42}},"19":{"start":{"line":20,"column":0},"end":{"line":20,"column":6}},"20":{"start":{"line":21,"column":0},"end":{"line":21,"column":3}},"22":{"start":{"line":23,"column":0},"end":{"line":23,"column":82}},"23":{"start":{"line":24,"column":0},"end":{"line":24,"column":45}},"25":{"start":{"line":26,"column":0},"end":{"line":26,"column":39}},"26":{"start":{"line":27,"column":0},"end":{"line":27,"column":12}},"27":{"start":{"line":28,"column":0},"end":{"line":28,"column":40}},"28":{"start":{"line":29,"column":0},"end":{"line":29,"column":37}},"29":{"start":{"line":30,"column":0},"end":{"line":30,"column":57}},"30":{"start":{"line":31,"column":0},"end":{"line":31,"column":27}},"31":{"start":{"line":32,"column":0},"end":{"line":32,"column":16}},"32":{"start":{"line":33,"column":0},"end":{"line":33,"column":77}},"33":{"start":{"line":34,"column":0},"end":{"line":34,"column":9}},"34":{"start":{"line":35,"column":0},"end":{"line":35,"column":6}},"35":{"start":{"line":36,"column":0},"end":{"line":36,"column":3}},"41":{"start":{"line":42,"column":0},"end":{"line":42,"column":62}},"42":{"start":{"line":43,"column":0},"end":{"line":43,"column":30}},"44":{"start":{"line":45,"column":0},"end":{"line":45,"column":49}},"45":{"start":{"line":46,"column":0},"end":{"line":46,"column":52}},"48":{"start":{"line":49,"column":0},"end":{"line":49,"column":44}},"49":{"start":{"line":50,"column":0},"end":{"line":50,"column":62}},"51":{"start":{"line":52,"column":0},"end":{"line":52,"column":34}},"52":{"start":{"line":53,"column":0},"end":{"line":53,"column":32}},"53":{"start":{"line":54,"column":0},"end":{"line":54,"column":5}},"54":{"start":{"line":55,"column":0},"end":{"line":55,"column":2}}},"s":{"0":0,"1":0,"2":0,"3":0,"5":0,"7":0,"8":0,"9":0,"11":0,"12":0,"13":0,"14":0,"15":0,"16":0,"17":0,"18":0,"19":0,"20":0,"22":0,"23":0,"25":0,"26":0,"27":0,"28":0,"29":0,"30":0,"31":0,"32":0,"33":0,"34":0,"35":0,"41":0,"42":0,"44":0,"45":0,"48":0,"49":0,"51":0,"52":0,"53":0,"54":0},"branchMap":{"0":{"type":"branch","line":1,"loc":{"start":{"line":1,"column":1691},"end":{"line":55,"column":2}},"locations":[{"start":{"line":1,"column":1691},"end":{"line":55,"column":2}}]}},"b":{"0":[0]},"fnMap":{"0":{"name":"(empty-report)","decl":{"start":{"line":1,"column":1691},"end":{"line":55,"column":2}},"loc":{"start":{"line":1,"column":1691},"end":{"line":55,"column":2}},"line":1}},"f":{"0":0}}
,"C:\\Users\\henri\\Desktop\\techaxis\\techaxis\\server\\src\\controllers\\articleController.ts": {"path":"C:\\Users\\henri\\Desktop\\techaxis\\techaxis\\server\\src\\controllers\\articleController.ts","all":false,"statementMap":{"1":{"start":{"line":2,"column":0},"end":{"line":2,"column":45}},"3":{"start":{"line":4,"column":0},"end":{"line":4,"column":30}},"4":{"start":{"line":5,"column":0},"end":{"line":5,"column":62}},"5":{"start":{"line":6,"column":0},"end":{"line":6,"column":45}},"6":{"start":{"line":7,"column":0},"end":{"line":7,"column":83}},"8":{"start":{"line":9,"column":0},"end":{"line":9,"column":47}},"9":{"start":{"line":10,"column":0},"end":{"line":10,"column":80}},"10":{"start":{"line":11,"column":0},"end":{"line":11,"column":36}},"11":{"start":{"line":12,"column":0},"end":{"line":12,"column":13}},"12":{"start":{"line":13,"column":0},"end":{"line":13,"column":37}},"13":{"start":{"line":14,"column":0},"end":{"line":14,"column":17}},"14":{"start":{"line":15,"column":0},"end":{"line":15,"column":29}},"15":{"start":{"line":16,"column":0},"end":{"line":16,"column":9}},"16":{"start":{"line":17,"column":0},"end":{"line":17,"column":5}},"17":{"start":{"line":18,"column":0},"end":{"line":18,"column":17}},"18":{"start":{"line":19,"column":0},"end":{"line":19,"column":2}},"24":{"start":{"line":25,"column":0},"end":{"line":25,"column":96}},"25":{"start":{"line":26,"column":0},"end":{"line":26,"column":9}},"26":{"start":{"line":27,"column":0},"end":{"line":27,"column":49}},"27":{"start":{"line":28,"column":0},"end":{"line":28,"column":63}},"29":{"start":{"line":30,"column":0},"end":{"line":30,"column":78}},"31":{"start":{"line":32,"column":0},"end":{"line":32,"column":21}},"32":{"start":{"line":33,"column":0},"end":{"line":33,"column":33}},"33":{"start":{"line":34,"column":0},"end":{"line":34,"column":41}},"34":{"start":{"line":35,"column":0},"end":{"line":35,"column":36}},"35":{"start":{"line":36,"column":0},"end":{"line":36,"column":14}},"36":{"start":{"line":37,"column":0},"end":{"line":37,"column":9}},"38":{"start":{"line":39,"column":0},"end":{"line":39,"column":25}},"39":{"start":{"line":40,"column":0},"end":{"line":40,"column":45}},"40":{"start":{"line":41,"column":0},"end":{"line":41,"column":32}},"41":{"start":{"line":42,"column":0},"end":{"line":42,"column":47}},"42":{"start":{"line":43,"column":0},"end":{"line":43,"column":13}},"43":{"start":{"line":44,"column":0},"end":{"line":44,"column":9}},"45":{"start":{"line":46,"column":0},"end":{"line":46,"column":53}},"46":{"start":{"line":47,"column":0},"end":{"line":47,"column":37}},"47":{"start":{"line":48,"column":0},"end":{"line":48,"column":35}},"48":{"start":{"line":49,"column":0},"end":{"line":49,"column":26}},"49":{"start":{"line":50,"column":0},"end":{"line":50,"column":65}},"50":{"start":{"line":51,"column":0},"end":{"line":51,"column":18}},"51":{"start":{"line":52,"column":0},"end":{"line":52,"column":26}},"52":{"start":{"line":53,"column":0},"end":{"line":53,"column":43}},"53":{"start":{"line":54,"column":0},"end":{"line":54,"column":44}},"54":{"start":{"line":55,"column":0},"end":{"line":55,"column":18}},"55":{"start":{"line":56,"column":0},"end":{"line":56,"column":21}},"56":{"start":{"line":57,"column":0},"end":{"line":57,"column":28}},"57":{"start":{"line":58,"column":0},"end":{"line":58,"column":15}},"58":{"start":{"line":59,"column":0},"end":{"line":59,"column":57}},"59":{"start":{"line":60,"column":0},"end":{"line":60,"column":11}},"61":{"start":{"line":62,"column":0},"end":{"line":62,"column":84}},"62":{"start":{"line":63,"column":0},"end":{"line":63,"column":21}},"63":{"start":{"line":64,"column":0},"end":{"line":64,"column":20}},"64":{"start":{"line":65,"column":0},"end":{"line":65,"column":5}},"65":{"start":{"line":66,"column":0},"end":{"line":66,"column":2}},"72":{"start":{"line":73,"column":0},"end":{"line":73,"column":99}},"73":{"start":{"line":74,"column":0},"end":{"line":74,"column":32}},"74":{"start":{"line":75,"column":0},"end":{"line":75,"column":29}},"76":{"start":{"line":77,"column":0},"end":{"line":77,"column":9}},"77":{"start":{"line":78,"column":0},"end":{"line":78,"column":20}},"79":{"start":{"line":80,"column":0},"end":{"line":80,"column":25}},"80":{"start":{"line":81,"column":0},"end":{"line":81,"column":55}},"81":{"start":{"line":82,"column":0},"end":{"line":82,"column":30}},"82":{"start":{"line":83,"column":0},"end":{"line":83,"column":74}},"83":{"start":{"line":84,"column":0},"end":{"line":84,"column":15}},"84":{"start":{"line":85,"column":0},"end":{"line":85,"column":16}},"85":{"start":{"line":86,"column":0},"end":{"line":86,"column":55}},"86":{"start":{"line":87,"column":0},"end":{"line":87,"column":39}},"87":{"start":{"line":88,"column":0},"end":{"line":88,"column":74}},"88":{"start":{"line":89,"column":0},"end":{"line":89,"column":15}},"89":{"start":{"line":90,"column":0},"end":{"line":90,"column":9}},"91":{"start":{"line":92,"column":0},"end":{"line":92,"column":57}},"92":{"start":{"line":93,"column":0},"end":{"line":93,"column":74}},"93":{"start":{"line":94,"column":0},"end":{"line":94,"column":9}},"95":{"start":{"line":96,"column":0},"end":{"line":96,"column":38}},"96":{"start":{"line":97,"column":0},"end":{"line":97,"column":21}},"97":{"start":{"line":98,"column":0},"end":{"line":98,"column":20}},"98":{"start":{"line":99,"column":0},"end":{"line":99,"column":5}},"99":{"start":{"line":100,"column":0},"end":{"line":100,"column":2}},"106":{"start":{"line":107,"column":0},"end":{"line":107,"column":94}},"107":{"start":{"line":108,"column":0},"end":{"line":108,"column":9}},"108":{"start":{"line":109,"column":0},"end":{"line":109,"column":89}},"109":{"start":{"line":110,"column":0},"end":{"line":110,"column":20}},"110":{"start":{"line":111,"column":0},"end":{"line":111,"column":80}},"111":{"start":{"line":112,"column":0},"end":{"line":112,"column":9}},"113":{"start":{"line":114,"column":0},"end":{"line":114,"column":63}},"114":{"start":{"line":115,"column":0},"end":{"line":115,"column":55}},"116":{"start":{"line":117,"column":0},"end":{"line":117,"column":55}},"118":{"start":{"line":119,"column":0},"end":{"line":119,"column":37}},"120":{"start":{"line":121,"column":0},"end":{"line":121,"column":27}},"121":{"start":{"line":122,"column":0},"end":{"line":122,"column":56}},"122":{"start":{"line":123,"column":0},"end":{"line":123,"column":13}},"123":{"start":{"line":124,"column":0},"end":{"line":124,"column":44}},"124":{"start":{"line":125,"column":0},"end":{"line":125,"column":47}},"125":{"start":{"line":126,"column":0},"end":{"line":126,"column":16}},"126":{"start":{"line":127,"column":0},"end":{"line":127,"column":70}},"127":{"start":{"line":128,"column":0},"end":{"line":128,"column":9}},"129":{"start":{"line":130,"column":0},"end":{"line":130,"column":21}},"130":{"start":{"line":131,"column":0},"end":{"line":131,"column":30}},"131":{"start":{"line":132,"column":0},"end":{"line":132,"column":77}},"132":{"start":{"line":133,"column":0},"end":{"line":133,"column":75}},"133":{"start":{"line":134,"column":0},"end":{"line":134,"column":14}},"134":{"start":{"line":135,"column":0},"end":{"line":135,"column":9}},"136":{"start":{"line":137,"column":0},"end":{"line":137,"column":21}},"137":{"start":{"line":138,"column":0},"end":{"line":138,"column":69}},"138":{"start":{"line":139,"column":0},"end":{"line":139,"column":9}},"140":{"start":{"line":141,"column":0},"end":{"line":141,"column":53}},"141":{"start":{"line":142,"column":0},"end":{"line":142,"column":37}},"142":{"start":{"line":143,"column":0},"end":{"line":143,"column":35}},"143":{"start":{"line":144,"column":0},"end":{"line":144,"column":26}},"144":{"start":{"line":145,"column":0},"end":{"line":145,"column":27}},"145":{"start":{"line":146,"column":0},"end":{"line":146,"column":33}},"146":{"start":{"line":147,"column":0},"end":{"line":147,"column":37}},"147":{"start":{"line":148,"column":0},"end":{"line":148,"column":40}},"148":{"start":{"line":149,"column":0},"end":{"line":149,"column":46}},"149":{"start":{"line":150,"column":0},"end":{"line":150,"column":43}},"150":{"start":{"line":151,"column":0},"end":{"line":151,"column":42}},"151":{"start":{"line":152,"column":0},"end":{"line":152,"column":46}},"152":{"start":{"line":153,"column":0},"end":{"line":153,"column":25}},"153":{"start":{"line":154,"column":0},"end":{"line":154,"column":22}},"154":{"start":{"line":155,"column":0},"end":{"line":155,"column":65}},"155":{"start":{"line":156,"column":0},"end":{"line":156,"column":18}},"156":{"start":{"line":157,"column":0},"end":{"line":157,"column":21}},"157":{"start":{"line":158,"column":0},"end":{"line":158,"column":28}},"158":{"start":{"line":159,"column":0},"end":{"line":159,"column":46}},"159":{"start":{"line":160,"column":0},"end":{"line":160,"column":15}},"160":{"start":{"line":161,"column":0},"end":{"line":161,"column":56}},"161":{"start":{"line":162,"column":0},"end":{"line":162,"column":11}},"163":{"start":{"line":164,"column":0},"end":{"line":164,"column":91}},"164":{"start":{"line":165,"column":0},"end":{"line":165,"column":21}},"165":{"start":{"line":166,"column":0},"end":{"line":166,"column":20}},"166":{"start":{"line":167,"column":0},"end":{"line":167,"column":5}},"167":{"start":{"line":168,"column":0},"end":{"line":168,"column":2}},"174":{"start":{"line":175,"column":0},"end":{"line":175,"column":97}},"175":{"start":{"line":176,"column":0},"end":{"line":176,"column":37}},"176":{"start":{"line":177,"column":0},"end":{"line":177,"column":28}},"177":{"start":{"line":178,"column":0},"end":{"line":178,"column":71}},"178":{"start":{"line":179,"column":0},"end":{"line":179,"column":5}},"180":{"start":{"line":181,"column":0},"end":{"line":181,"column":9}},"181":{"start":{"line":182,"column":0},"end":{"line":182,"column":89}},"182":{"start":{"line":183,"column":0},"end":{"line":183,"column":20}},"183":{"start":{"line":184,"column":0},"end":{"line":184,"column":80}},"184":{"start":{"line":185,"column":0},"end":{"line":185,"column":9}},"186":{"start":{"line":187,"column":0},"end":{"line":187,"column":57}},"187":{"start":{"line":188,"column":0},"end":{"line":188,"column":26}},"188":{"start":{"line":189,"column":0},"end":{"line":189,"column":23}},"189":{"start":{"line":190,"column":0},"end":{"line":190,"column":23}},"190":{"start":{"line":191,"column":0},"end":{"line":191,"column":29}},"191":{"start":{"line":192,"column":0},"end":{"line":192,"column":33}},"192":{"start":{"line":193,"column":0},"end":{"line":193,"column":35}},"193":{"start":{"line":194,"column":0},"end":{"line":194,"column":21}},"194":{"start":{"line":195,"column":0},"end":{"line":195,"column":17}},"195":{"start":{"line":196,"column":0},"end":{"line":196,"column":13}},"196":{"start":{"line":197,"column":0},"end":{"line":197,"column":11}},"198":{"start":{"line":199,"column":0},"end":{"line":199,"column":23}},"199":{"start":{"line":200,"column":0},"end":{"line":200,"column":74}},"200":{"start":{"line":201,"column":0},"end":{"line":201,"column":9}},"202":{"start":{"line":203,"column":0},"end":{"line":203,"column":37}},"203":{"start":{"line":204,"column":0},"end":{"line":204,"column":49}},"204":{"start":{"line":205,"column":0},"end":{"line":205,"column":9}},"206":{"start":{"line":207,"column":0},"end":{"line":207,"column":37}},"207":{"start":{"line":208,"column":0},"end":{"line":208,"column":51}},"208":{"start":{"line":209,"column":0},"end":{"line":209,"column":53}},"209":{"start":{"line":210,"column":0},"end":{"line":210,"column":13}},"210":{"start":{"line":211,"column":0},"end":{"line":211,"column":70}},"211":{"start":{"line":212,"column":0},"end":{"line":212,"column":9}},"213":{"start":{"line":214,"column":0},"end":{"line":214,"column":59}},"214":{"start":{"line":215,"column":0},"end":{"line":215,"column":21}},"215":{"start":{"line":216,"column":0},"end":{"line":216,"column":20}},"216":{"start":{"line":217,"column":0},"end":{"line":217,"column":5}},"217":{"start":{"line":218,"column":0},"end":{"line":218,"column":2}},"219":{"start":{"line":220,"column":0},"end":{"line":220,"column":91}},"220":{"start":{"line":221,"column":0},"end":{"line":221,"column":9}},"221":{"start":{"line":222,"column":0},"end":{"line":222,"column":89}},"222":{"start":{"line":223,"column":0},"end":{"line":223,"column":87}},"224":{"start":{"line":225,"column":0},"end":{"line":225,"column":55}},"225":{"start":{"line":226,"column":0},"end":{"line":226,"column":37}},"226":{"start":{"line":227,"column":0},"end":{"line":227,"column":52}},"227":{"start":{"line":228,"column":0},"end":{"line":228,"column":45}},"228":{"start":{"line":229,"column":0},"end":{"line":229,"column":70}},"229":{"start":{"line":230,"column":0},"end":{"line":230,"column":9}},"231":{"start":{"line":232,"column":0},"end":{"line":232,"column":80}},"232":{"start":{"line":233,"column":0},"end":{"line":233,"column":57}},"233":{"start":{"line":234,"column":0},"end":{"line":234,"column":85}},"234":{"start":{"line":235,"column":0},"end":{"line":235,"column":81}},"235":{"start":{"line":236,"column":0},"end":{"line":236,"column":82}},"236":{"start":{"line":237,"column":0},"end":{"line":237,"column":84}},"237":{"start":{"line":238,"column":0},"end":{"line":238,"column":11}},"239":{"start":{"line":240,"column":0},"end":{"line":240,"column":65}},"240":{"start":{"line":241,"column":0},"end":{"line":241,"column":21}},"241":{"start":{"line":242,"column":0},"end":{"line":242,"column":20}},"242":{"start":{"line":243,"column":0},"end":{"line":243,"column":5}},"243":{"start":{"line":244,"column":0},"end":{"line":244,"column":2}},"256":{"start":{"line":257,"column":0},"end":{"line":257,"column":86}},"257":{"start":{"line":258,"column":0},"end":{"line":258,"column":9}},"258":{"start":{"line":259,"column":0},"end":{"line":259,"column":89}},"259":{"start":{"line":260,"column":0},"end":{"line":260,"column":20}},"260":{"start":{"line":261,"column":0},"end":{"line":261,"column":80}},"261":{"start":{"line":262,"column":0},"end":{"line":262,"column":9}},"263":{"start":{"line":264,"column":0},"end":{"line":264,"column":93}},"264":{"start":{"line":265,"column":0},"end":{"line":265,"column":70}},"265":{"start":{"line":266,"column":0},"end":{"line":266,"column":87}},"267":{"start":{"line":268,"column":0},"end":{"line":268,"column":45}},"268":{"start":{"line":269,"column":0},"end":{"line":269,"column":97}},"269":{"start":{"line":270,"column":0},"end":{"line":270,"column":9}},"271":{"start":{"line":272,"column":0},"end":{"line":272,"column":35}},"272":{"start":{"line":273,"column":0},"end":{"line":273,"column":29}},"273":{"start":{"line":274,"column":0},"end":{"line":274,"column":36}},"274":{"start":{"line":275,"column":0},"end":{"line":275,"column":9}},"276":{"start":{"line":277,"column":0},"end":{"line":277,"column":37}},"277":{"start":{"line":278,"column":0},"end":{"line":278,"column":74}},"278":{"start":{"line":279,"column":0},"end":{"line":279,"column":121}},"279":{"start":{"line":280,"column":0},"end":{"line":280,"column":13}},"280":{"start":{"line":281,"column":0},"end":{"line":281,"column":44}},"281":{"start":{"line":282,"column":0},"end":{"line":282,"column":45}},"282":{"start":{"line":283,"column":0},"end":{"line":283,"column":114}},"283":{"start":{"line":284,"column":0},"end":{"line":284,"column":13}},"284":{"start":{"line":285,"column":0},"end":{"line":285,"column":16}},"285":{"start":{"line":286,"column":0},"end":{"line":286,"column":70}},"286":{"start":{"line":287,"column":0},"end":{"line":287,"column":9}},"288":{"start":{"line":289,"column":0},"end":{"line":289,"column":71}},"289":{"start":{"line":290,"column":0},"end":{"line":290,"column":34}},"290":{"start":{"line":291,"column":0},"end":{"line":291,"column":24}},"292":{"start":{"line":293,"column":0},"end":{"line":293,"column":82}},"293":{"start":{"line":294,"column":0},"end":{"line":294,"column":50}},"294":{"start":{"line":295,"column":0},"end":{"line":295,"column":22}},"295":{"start":{"line":296,"column":0},"end":{"line":296,"column":9}},"297":{"start":{"line":298,"column":0},"end":{"line":298,"column":42}},"298":{"start":{"line":299,"column":0},"end":{"line":299,"column":44}},"299":{"start":{"line":300,"column":0},"end":{"line":300,"column":44}},"300":{"start":{"line":301,"column":0},"end":{"line":301,"column":39}},"301":{"start":{"line":302,"column":0},"end":{"line":302,"column":69}},"302":{"start":{"line":303,"column":0},"end":{"line":303,"column":49}},"303":{"start":{"line":304,"column":0},"end":{"line":304,"column":48}},"304":{"start":{"line":305,"column":0},"end":{"line":305,"column":48}},"305":{"start":{"line":306,"column":0},"end":{"line":306,"column":24}},"306":{"start":{"line":307,"column":0},"end":{"line":307,"column":45}},"307":{"start":{"line":308,"column":0},"end":{"line":308,"column":17}},"308":{"start":{"line":309,"column":0},"end":{"line":309,"column":20}},"309":{"start":{"line":310,"column":0},"end":{"line":310,"column":41}},"310":{"start":{"line":311,"column":0},"end":{"line":311,"column":13}},"311":{"start":{"line":312,"column":0},"end":{"line":312,"column":9}},"313":{"start":{"line":314,"column":0},"end":{"line":314,"column":51}},"314":{"start":{"line":315,"column":0},"end":{"line":315,"column":25}},"315":{"start":{"line":316,"column":0},"end":{"line":316,"column":101}},"316":{"start":{"line":317,"column":0},"end":{"line":317,"column":28}},"317":{"start":{"line":318,"column":0},"end":{"line":318,"column":80}},"318":{"start":{"line":319,"column":0},"end":{"line":319,"column":13}},"319":{"start":{"line":320,"column":0},"end":{"line":320,"column":45}},"320":{"start":{"line":321,"column":0},"end":{"line":321,"column":16}},"322":{"start":{"line":323,"column":0},"end":{"line":323,"column":97}},"323":{"start":{"line":324,"column":0},"end":{"line":324,"column":33}},"324":{"start":{"line":325,"column":0},"end":{"line":325,"column":55}},"325":{"start":{"line":326,"column":0},"end":{"line":326,"column":14}},"326":{"start":{"line":327,"column":0},"end":{"line":327,"column":9}},"328":{"start":{"line":329,"column":0},"end":{"line":329,"column":56}},"329":{"start":{"line":330,"column":0},"end":{"line":330,"column":19}},"330":{"start":{"line":331,"column":0},"end":{"line":331,"column":22}},"331":{"start":{"line":332,"column":0},"end":{"line":332,"column":24}},"332":{"start":{"line":333,"column":0},"end":{"line":333,"column":24}},"333":{"start":{"line":334,"column":0},"end":{"line":334,"column":29}},"334":{"start":{"line":335,"column":0},"end":{"line":335,"column":26}},"335":{"start":{"line":336,"column":0},"end":{"line":336,"column":38}},"336":{"start":{"line":337,"column":0},"end":{"line":337,"column":73}},"337":{"start":{"line":338,"column":0},"end":{"line":338,"column":28}},"338":{"start":{"line":339,"column":0},"end":{"line":339,"column":28}},"339":{"start":{"line":340,"column":0},"end":{"line":340,"column":33}},"340":{"start":{"line":341,"column":0},"end":{"line":341,"column":38}},"341":{"start":{"line":342,"column":0},"end":{"line":342,"column":47}},"342":{"start":{"line":343,"column":0},"end":{"line":343,"column":55}},"343":{"start":{"line":344,"column":0},"end":{"line":344,"column":14}},"344":{"start":{"line":345,"column":0},"end":{"line":345,"column":11}},"346":{"start":{"line":347,"column":0},"end":{"line":347,"column":58}},"347":{"start":{"line":348,"column":0},"end":{"line":348,"column":38}},"348":{"start":{"line":349,"column":0},"end":{"line":349,"column":46}},"349":{"start":{"line":350,"column":0},"end":{"line":350,"column":43}},"350":{"start":{"line":351,"column":0},"end":{"line":351,"column":15}},"351":{"start":{"line":352,"column":0},"end":{"line":352,"column":9}},"354":{"start":{"line":355,"column":0},"end":{"line":355,"column":45}},"355":{"start":{"line":356,"column":0},"end":{"line":356,"column":112}},"356":{"start":{"line":357,"column":0},"end":{"line":357,"column":108}},"357":{"start":{"line":358,"column":0},"end":{"line":358,"column":50}},"358":{"start":{"line":359,"column":0},"end":{"line":359,"column":46}},"359":{"start":{"line":360,"column":0},"end":{"line":360,"column":52}},"360":{"start":{"line":361,"column":0},"end":{"line":361,"column":104}},"361":{"start":{"line":362,"column":0},"end":{"line":362,"column":45}},"362":{"start":{"line":363,"column":0},"end":{"line":363,"column":37}},"363":{"start":{"line":364,"column":0},"end":{"line":364,"column":20}},"364":{"start":{"line":365,"column":0},"end":{"line":365,"column":15}},"365":{"start":{"line":366,"column":0},"end":{"line":366,"column":9}},"367":{"start":{"line":368,"column":0},"end":{"line":368,"column":41}},"368":{"start":{"line":369,"column":0},"end":{"line":369,"column":21}},"369":{"start":{"line":370,"column":0},"end":{"line":370,"column":20}},"370":{"start":{"line":371,"column":0},"end":{"line":371,"column":5}},"371":{"start":{"line":372,"column":0},"end":{"line":372,"column":2}},"380":{"start":{"line":381,"column":0},"end":{"line":381,"column":89}},"381":{"start":{"line":382,"column":0},"end":{"line":382,"column":37}},"382":{"start":{"line":383,"column":0},"end":{"line":383,"column":28}},"383":{"start":{"line":384,"column":0},"end":{"line":384,"column":71}},"384":{"start":{"line":385,"column":0},"end":{"line":385,"column":5}},"386":{"start":{"line":387,"column":0},"end":{"line":387,"column":9}},"387":{"start":{"line":388,"column":0},"end":{"line":388,"column":89}},"388":{"start":{"line":389,"column":0},"end":{"line":389,"column":20}},"389":{"start":{"line":390,"column":0},"end":{"line":390,"column":81}},"390":{"start":{"line":391,"column":0},"end":{"line":391,"column":9}},"392":{"start":{"line":393,"column":0},"end":{"line":393,"column":57}},"393":{"start":{"line":394,"column":0},"end":{"line":394,"column":27}},"394":{"start":{"line":395,"column":0},"end":{"line":395,"column":80}},"395":{"start":{"line":396,"column":0},"end":{"line":396,"column":11}},"397":{"start":{"line":398,"column":0},"end":{"line":398,"column":23}},"398":{"start":{"line":399,"column":0},"end":{"line":399,"column":75}},"399":{"start":{"line":400,"column":0},"end":{"line":400,"column":9}},"401":{"start":{"line":402,"column":0},"end":{"line":402,"column":37}},"402":{"start":{"line":403,"column":0},"end":{"line":403,"column":52}},"403":{"start":{"line":404,"column":0},"end":{"line":404,"column":76}},"404":{"start":{"line":405,"column":0},"end":{"line":405,"column":14}},"405":{"start":{"line":406,"column":0},"end":{"line":406,"column":84}},"406":{"start":{"line":407,"column":0},"end":{"line":407,"column":109}},"407":{"start":{"line":408,"column":0},"end":{"line":408,"column":14}},"408":{"start":{"line":409,"column":0},"end":{"line":409,"column":45}},"409":{"start":{"line":410,"column":0},"end":{"line":410,"column":71}},"410":{"start":{"line":411,"column":0},"end":{"line":411,"column":9}},"412":{"start":{"line":413,"column":0},"end":{"line":413,"column":32}},"413":{"start":{"line":414,"column":0},"end":{"line":414,"column":51}},"414":{"start":{"line":415,"column":0},"end":{"line":415,"column":9}},"416":{"start":{"line":417,"column":0},"end":{"line":417,"column":60}},"417":{"start":{"line":418,"column":0},"end":{"line":418,"column":27}},"418":{"start":{"line":419,"column":0},"end":{"line":419,"column":11}},"420":{"start":{"line":421,"column":0},"end":{"line":421,"column":45}},"421":{"start":{"line":422,"column":0},"end":{"line":422,"column":21}},"422":{"start":{"line":423,"column":0},"end":{"line":423,"column":20}},"423":{"start":{"line":424,"column":0},"end":{"line":424,"column":5}},"424":{"start":{"line":425,"column":0},"end":{"line":425,"column":2}},"434":{"start":{"line":435,"column":0},"end":{"line":435,"column":89}},"435":{"start":{"line":436,"column":0},"end":{"line":436,"column":37}},"436":{"start":{"line":437,"column":0},"end":{"line":437,"column":28}},"437":{"start":{"line":438,"column":0},"end":{"line":438,"column":71}},"438":{"start":{"line":439,"column":0},"end":{"line":439,"column":5}},"440":{"start":{"line":441,"column":0},"end":{"line":441,"column":9}},"441":{"start":{"line":442,"column":0},"end":{"line":442,"column":89}},"443":{"start":{"line":444,"column":0},"end":{"line":444,"column":20}},"444":{"start":{"line":445,"column":0},"end":{"line":445,"column":80}},"445":{"start":{"line":446,"column":0},"end":{"line":446,"column":9}},"447":{"start":{"line":448,"column":0},"end":{"line":448,"column":57}},"448":{"start":{"line":449,"column":0},"end":{"line":449,"column":26}},"449":{"start":{"line":450,"column":0},"end":{"line":450,"column":11}},"451":{"start":{"line":452,"column":0},"end":{"line":452,"column":23}},"452":{"start":{"line":453,"column":0},"end":{"line":453,"column":74}},"453":{"start":{"line":454,"column":0},"end":{"line":454,"column":9}},"455":{"start":{"line":456,"column":0},"end":{"line":456,"column":37}},"456":{"start":{"line":457,"column":0},"end":{"line":457,"column":51}},"457":{"start":{"line":458,"column":0},"end":{"line":458,"column":74}},"458":{"start":{"line":459,"column":0},"end":{"line":459,"column":13}},"460":{"start":{"line":461,"column":0},"end":{"line":461,"column":76}},"461":{"start":{"line":462,"column":0},"end":{"line":462,"column":127}},"462":{"start":{"line":463,"column":0},"end":{"line":463,"column":13}},"463":{"start":{"line":464,"column":0},"end":{"line":464,"column":44}},"464":{"start":{"line":465,"column":0},"end":{"line":465,"column":81}},"465":{"start":{"line":466,"column":0},"end":{"line":466,"column":108}},"466":{"start":{"line":467,"column":0},"end":{"line":467,"column":13}},"467":{"start":{"line":468,"column":0},"end":{"line":468,"column":16}},"468":{"start":{"line":469,"column":0},"end":{"line":469,"column":70}},"469":{"start":{"line":470,"column":0},"end":{"line":470,"column":9}},"471":{"start":{"line":472,"column":0},"end":{"line":472,"column":123}},"472":{"start":{"line":473,"column":0},"end":{"line":473,"column":70}},"473":{"start":{"line":474,"column":0},"end":{"line":474,"column":51}},"475":{"start":{"line":476,"column":0},"end":{"line":476,"column":23}},"476":{"start":{"line":477,"column":0},"end":{"line":477,"column":36}},"477":{"start":{"line":478,"column":0},"end":{"line":478,"column":55}},"478":{"start":{"line":479,"column":0},"end":{"line":479,"column":13}},"479":{"start":{"line":480,"column":0},"end":{"line":480,"column":72}},"480":{"start":{"line":481,"column":0},"end":{"line":481,"column":48}},"481":{"start":{"line":482,"column":0},"end":{"line":482,"column":36}},"482":{"start":{"line":483,"column":0},"end":{"line":483,"column":55}},"483":{"start":{"line":484,"column":0},"end":{"line":484,"column":13}},"484":{"start":{"line":485,"column":0},"end":{"line":485,"column":34}},"485":{"start":{"line":486,"column":0},"end":{"line":486,"column":9}},"487":{"start":{"line":488,"column":0},"end":{"line":488,"column":20}},"488":{"start":{"line":489,"column":0},"end":{"line":489,"column":31}},"489":{"start":{"line":490,"column":0},"end":{"line":490,"column":75}},"490":{"start":{"line":491,"column":0},"end":{"line":491,"column":38}},"491":{"start":{"line":492,"column":0},"end":{"line":492,"column":28}},"493":{"start":{"line":494,"column":0},"end":{"line":494,"column":98}},"494":{"start":{"line":495,"column":0},"end":{"line":495,"column":54}},"495":{"start":{"line":496,"column":0},"end":{"line":496,"column":26}},"496":{"start":{"line":497,"column":0},"end":{"line":497,"column":13}},"497":{"start":{"line":498,"column":0},"end":{"line":498,"column":35}},"498":{"start":{"line":499,"column":0},"end":{"line":499,"column":9}},"499":{"start":{"line":500,"column":0},"end":{"line":500,"column":44}},"500":{"start":{"line":501,"column":0},"end":{"line":501,"column":44}},"501":{"start":{"line":502,"column":0},"end":{"line":502,"column":77}},"502":{"start":{"line":503,"column":0},"end":{"line":503,"column":53}},"503":{"start":{"line":504,"column":0},"end":{"line":504,"column":9}},"504":{"start":{"line":505,"column":0},"end":{"line":505,"column":25}},"505":{"start":{"line":506,"column":0},"end":{"line":506,"column":29}},"506":{"start":{"line":507,"column":0},"end":{"line":507,"column":51}},"507":{"start":{"line":508,"column":0},"end":{"line":508,"column":14}},"508":{"start":{"line":509,"column":0},"end":{"line":509,"column":9}},"509":{"start":{"line":510,"column":0},"end":{"line":510,"column":101}},"511":{"start":{"line":512,"column":0},"end":{"line":512,"column":36}},"512":{"start":{"line":513,"column":0},"end":{"line":513,"column":93}},"513":{"start":{"line":514,"column":0},"end":{"line":514,"column":9}},"515":{"start":{"line":516,"column":0},"end":{"line":516,"column":21}},"516":{"start":{"line":517,"column":0},"end":{"line":517,"column":82}},"517":{"start":{"line":518,"column":0},"end":{"line":518,"column":107}},"518":{"start":{"line":519,"column":0},"end":{"line":519,"column":13}},"520":{"start":{"line":521,"column":0},"end":{"line":521,"column":100}},"521":{"start":{"line":522,"column":0},"end":{"line":522,"column":114}},"522":{"start":{"line":523,"column":0},"end":{"line":523,"column":13}},"524":{"start":{"line":525,"column":0},"end":{"line":525,"column":56}},"525":{"start":{"line":526,"column":0},"end":{"line":526,"column":60}},"526":{"start":{"line":527,"column":0},"end":{"line":527,"column":49}},"527":{"start":{"line":528,"column":0},"end":{"line":528,"column":46}},"528":{"start":{"line":529,"column":0},"end":{"line":529,"column":53}},"529":{"start":{"line":530,"column":0},"end":{"line":530,"column":24}},"530":{"start":{"line":531,"column":0},"end":{"line":531,"column":46}},"531":{"start":{"line":532,"column":0},"end":{"line":532,"column":44}},"532":{"start":{"line":533,"column":0},"end":{"line":533,"column":55}},"533":{"start":{"line":534,"column":0},"end":{"line":534,"column":54}},"534":{"start":{"line":535,"column":0},"end":{"line":535,"column":21}},"535":{"start":{"line":536,"column":0},"end":{"line":536,"column":17}},"536":{"start":{"line":537,"column":0},"end":{"line":537,"column":20}},"537":{"start":{"line":538,"column":0},"end":{"line":538,"column":37}},"538":{"start":{"line":539,"column":0},"end":{"line":539,"column":45}},"539":{"start":{"line":540,"column":0},"end":{"line":540,"column":44}},"540":{"start":{"line":541,"column":0},"end":{"line":541,"column":55}},"541":{"start":{"line":542,"column":0},"end":{"line":542,"column":54}},"542":{"start":{"line":543,"column":0},"end":{"line":543,"column":21}},"543":{"start":{"line":544,"column":0},"end":{"line":544,"column":17}},"544":{"start":{"line":545,"column":0},"end":{"line":545,"column":13}},"545":{"start":{"line":546,"column":0},"end":{"line":546,"column":9}},"547":{"start":{"line":548,"column":0},"end":{"line":548,"column":60}},"548":{"start":{"line":549,"column":0},"end":{"line":549,"column":26}},"549":{"start":{"line":550,"column":0},"end":{"line":550,"column":17}},"550":{"start":{"line":551,"column":0},"end":{"line":551,"column":11}},"552":{"start":{"line":553,"column":0},"end":{"line":553,"column":70}},"553":{"start":{"line":554,"column":0},"end":{"line":554,"column":38}},"554":{"start":{"line":555,"column":0},"end":{"line":555,"column":46}},"555":{"start":{"line":556,"column":0},"end":{"line":556,"column":43}},"556":{"start":{"line":557,"column":0},"end":{"line":557,"column":15}},"557":{"start":{"line":558,"column":0},"end":{"line":558,"column":9}},"560":{"start":{"line":561,"column":0},"end":{"line":561,"column":80}},"561":{"start":{"line":562,"column":0},"end":{"line":562,"column":124}},"562":{"start":{"line":563,"column":0},"end":{"line":563,"column":108}},"563":{"start":{"line":564,"column":0},"end":{"line":564,"column":50}},"564":{"start":{"line":565,"column":0},"end":{"line":565,"column":46}},"565":{"start":{"line":566,"column":0},"end":{"line":566,"column":52}},"566":{"start":{"line":567,"column":0},"end":{"line":567,"column":108}},"567":{"start":{"line":568,"column":0},"end":{"line":568,"column":49}},"568":{"start":{"line":569,"column":0},"end":{"line":569,"column":37}},"569":{"start":{"line":570,"column":0},"end":{"line":570,"column":20}},"570":{"start":{"line":571,"column":0},"end":{"line":571,"column":15}},"571":{"start":{"line":572,"column":0},"end":{"line":572,"column":9}},"573":{"start":{"line":574,"column":0},"end":{"line":574,"column":45}},"574":{"start":{"line":575,"column":0},"end":{"line":575,"column":21}},"575":{"start":{"line":576,"column":0},"end":{"line":576,"column":20}},"576":{"start":{"line":577,"column":0},"end":{"line":577,"column":5}},"577":{"start":{"line":578,"column":0},"end":{"line":578,"column":2}},"586":{"start":{"line":587,"column":0},"end":{"line":587,"column":89}},"587":{"start":{"line":588,"column":0},"end":{"line":588,"column":37}},"588":{"start":{"line":589,"column":0},"end":{"line":589,"column":28}},"589":{"start":{"line":590,"column":0},"end":{"line":590,"column":71}},"590":{"start":{"line":591,"column":0},"end":{"line":591,"column":5}},"592":{"start":{"line":593,"column":0},"end":{"line":593,"column":62}},"594":{"start":{"line":595,"column":0},"end":{"line":595,"column":71}},"595":{"start":{"line":596,"column":0},"end":{"line":596,"column":96}},"596":{"start":{"line":597,"column":0},"end":{"line":597,"column":5}},"598":{"start":{"line":599,"column":0},"end":{"line":599,"column":9}},"599":{"start":{"line":600,"column":0},"end":{"line":600,"column":89}},"601":{"start":{"line":602,"column":0},"end":{"line":602,"column":47}},"602":{"start":{"line":603,"column":0},"end":{"line":603,"column":104}},"603":{"start":{"line":604,"column":0},"end":{"line":604,"column":9}},"605":{"start":{"line":606,"column":0},"end":{"line":606,"column":57}},"606":{"start":{"line":607,"column":0},"end":{"line":607,"column":26}},"607":{"start":{"line":608,"column":0},"end":{"line":608,"column":11}},"609":{"start":{"line":610,"column":0},"end":{"line":610,"column":23}},"610":{"start":{"line":611,"column":0},"end":{"line":611,"column":74}},"611":{"start":{"line":612,"column":0},"end":{"line":612,"column":9}},"613":{"start":{"line":614,"column":0},"end":{"line":614,"column":41}},"614":{"start":{"line":615,"column":0},"end":{"line":615,"column":103}},"615":{"start":{"line":616,"column":0},"end":{"line":616,"column":9}},"617":{"start":{"line":618,"column":0},"end":{"line":618,"column":47}},"618":{"start":{"line":619,"column":0},"end":{"line":619,"column":96}},"619":{"start":{"line":620,"column":0},"end":{"line":620,"column":9}},"621":{"start":{"line":622,"column":0},"end":{"line":622,"column":59}},"623":{"start":{"line":624,"column":0},"end":{"line":624,"column":37}},"624":{"start":{"line":625,"column":0},"end":{"line":625,"column":30}},"625":{"start":{"line":626,"column":0},"end":{"line":626,"column":60}},"626":{"start":{"line":627,"column":0},"end":{"line":627,"column":49}},"627":{"start":{"line":628,"column":0},"end":{"line":628,"column":46}},"628":{"start":{"line":629,"column":0},"end":{"line":629,"column":53}},"629":{"start":{"line":630,"column":0},"end":{"line":630,"column":24}},"630":{"start":{"line":631,"column":0},"end":{"line":631,"column":50}},"631":{"start":{"line":632,"column":0},"end":{"line":632,"column":44}},"632":{"start":{"line":633,"column":0},"end":{"line":633,"column":17}},"633":{"start":{"line":634,"column":0},"end":{"line":634,"column":20}},"634":{"start":{"line":635,"column":0},"end":{"line":635,"column":46}},"635":{"start":{"line":636,"column":0},"end":{"line":636,"column":40}},"636":{"start":{"line":637,"column":0},"end":{"line":637,"column":13}},"637":{"start":{"line":638,"column":0},"end":{"line":638,"column":62}},"638":{"start":{"line":639,"column":0},"end":{"line":639,"column":52}},"639":{"start":{"line":640,"column":0},"end":{"line":640,"column":37}},"640":{"start":{"line":641,"column":0},"end":{"line":641,"column":9}},"642":{"start":{"line":643,"column":0},"end":{"line":643,"column":60}},"643":{"start":{"line":644,"column":0},"end":{"line":644,"column":26}},"644":{"start":{"line":645,"column":0},"end":{"line":645,"column":17}},"645":{"start":{"line":646,"column":0},"end":{"line":646,"column":11}},"647":{"start":{"line":648,"column":0},"end":{"line":648,"column":70}},"648":{"start":{"line":649,"column":0},"end":{"line":649,"column":38}},"649":{"start":{"line":650,"column":0},"end":{"line":650,"column":46}},"650":{"start":{"line":651,"column":0},"end":{"line":651,"column":43}},"651":{"start":{"line":652,"column":0},"end":{"line":652,"column":15}},"652":{"start":{"line":653,"column":0},"end":{"line":653,"column":9}},"654":{"start":{"line":655,"column":0},"end":{"line":655,"column":45}},"655":{"start":{"line":656,"column":0},"end":{"line":656,"column":21}},"656":{"start":{"line":657,"column":0},"end":{"line":657,"column":20}},"657":{"start":{"line":658,"column":0},"end":{"line":658,"column":5}},"658":{"start":{"line":659,"column":0},"end":{"line":659,"column":2}}},"s":{"1":1,"3":1,"4":1,"5":1,"6":1,"8":1,"9":7,"10":1,"11":1,"12":1,"13":1,"14":0,"15":0,"16":1,"17":0,"18":0,"24":1,"25":4,"26":4,"27":4,"29":4,"31":4,"32":1,"33":1,"34":1,"35":1,"36":1,"38":4,"39":2,"40":2,"41":1,"42":1,"43":2,"45":4,"46":4,"47":4,"48":4,"49":4,"50":4,"51":4,"52":4,"53":4,"54":4,"55":4,"56":4,"57":4,"58":4,"59":4,"61":3,"62":4,"63":1,"64":1,"65":4,"72":1,"73":4,"74":4,"76":4,"77":4,"79":4,"80":2,"81":2,"82":2,"83":2,"84":2,"85":2,"86":2,"87":2,"88":2,"89":2,"91":4,"92":1,"93":1,"95":2,"96":4,"97":1,"98":1,"99":4,"106":1,"107":5,"108":5,"109":5,"110":1,"111":1,"113":4,"114":4,"116":4,"118":5,"120":1,"121":1,"122":1,"123":5,"124":2,"125":3,"126":1,"127":1,"129":5,"130":1,"131":1,"132":1,"133":1,"134":1,"136":5,"137":1,"138":1,"140":3,"141":3,"142":3,"143":3,"144":3,"145":3,"146":3,"147":3,"148":3,"149":3,"150":3,"151":3,"152":3,"153":3,"154":3,"155":3,"156":3,"157":3,"158":3,"159":3,"160":3,"161":3,"163":2,"164":5,"165":1,"166":1,"167":5,"174":1,"175":5,"176":5,"177":1,"178":1,"180":4,"181":4,"182":5,"183":1,"184":1,"186":3,"187":3,"188":3,"189":3,"190":3,"191":3,"192":3,"193":3,"194":3,"195":3,"196":3,"198":5,"199":0,"200":0,"202":5,"203":1,"204":1,"206":1,"207":1,"208":0,"209":0,"210":1,"211":1,"213":0,"214":5,"215":1,"216":1,"217":5,"219":1,"220":5,"221":5,"222":5,"224":4,"225":5,"226":1,"227":5,"228":1,"229":1,"231":3,"232":3,"233":3,"234":3,"235":3,"236":3,"237":3,"239":2,"240":5,"241":1,"242":1,"243":5,"256":1,"257":5,"258":5,"259":5,"260":1,"261":1,"263":4,"264":4,"265":5,"267":5,"268":1,"269":1,"271":3,"272":5,"273":1,"274":1,"276":5,"277":2,"278":1,"279":1,"280":5,"281":1,"282":0,"283":0,"284":1,"285":0,"286":0,"288":2,"289":2,"290":2,"292":5,"293":1,"294":1,"295":1,"297":2,"298":2,"299":5,"300":1,"301":0,"302":0,"303":0,"304":0,"305":0,"306":0,"307":0,"308":1,"309":1,"310":1,"311":1,"313":2,"314":5,"315":0,"316":0,"317":0,"318":0,"319":0,"320":5,"322":2,"323":2,"324":2,"325":2,"326":2,"328":2,"329":2,"330":2,"331":2,"332":2,"333":2,"334":2,"335":2,"336":2,"337":5,"338":5,"339":5,"340":5,"341":5,"342":5,"343":5,"344":5,"346":5,"347":1,"348":1,"349":1,"350":1,"351":1,"354":5,"355":0,"356":0,"357":0,"358":0,"359":0,"360":0,"361":0,"362":0,"363":0,"364":0,"365":0,"367":1,"368":1,"369":1,"370":1,"371":5,"380":1,"381":5,"382":5,"383":1,"384":1,"386":4,"387":4,"388":5,"389":1,"390":1,"392":3,"393":3,"394":3,"395":3,"397":5,"398":0,"399":0,"401":5,"402":2,"403":0,"404":0,"405":2,"406":1,"407":1,"408":5,"409":0,"410":0,"412":5,"413":1,"414":1,"416":2,"417":2,"418":2,"420":1,"421":1,"422":1,"423":1,"424":5,"434":1,"435":5,"436":5,"437":1,"438":1,"440":4,"441":4,"443":5,"444":1,"445":1,"447":3,"448":3,"449":3,"451":5,"452":0,"453":0,"455":5,"456":1,"457":0,"458":0,"460":1,"461":0,"462":0,"463":5,"464":2,"465":0,"466":0,"467":2,"468":0,"469":0,"471":3,"472":3,"473":3,"475":5,"476":0,"477":0,"478":0,"479":0,"480":5,"481":1,"482":1,"483":1,"484":1,"485":1,"487":5,"488":1,"489":1,"490":1,"491":1,"493":1,"494":0,"495":0,"496":0,"497":1,"498":1,"499":5,"500":5,"501":5,"502":0,"503":0,"504":5,"505":0,"506":0,"507":0,"508":0,"509":5,"511":5,"512":0,"513":0,"515":5,"516":2,"517":1,"518":1,"520":2,"521":0,"522":0,"524":2,"525":0,"526":0,"527":0,"528":0,"529":0,"530":0,"531":0,"532":0,"533":0,"534":0,"535":0,"536":2,"537":1,"538":1,"539":1,"540":1,"541":1,"542":1,"543":1,"544":1,"545":2,"547":2,"548":2,"549":2,"550":2,"552":5,"553":1,"554":1,"555":1,"556":1,"557":1,"560":5,"561":0,"562":0,"563":0,"564":0,"565":0,"566":0,"567":0,"568":0,"569":0,"570":0,"571":0,"573":1,"574":1,"575":1,"576":1,"577":5,"586":1,"587":5,"588":5,"589":1,"590":1,"592":4,"594":5,"595":1,"596":1,"598":3,"599":3,"601":5,"602":1,"603":1,"605":2,"606":2,"607":2,"609":5,"610":0,"611":0,"613":5,"614":0,"615":0,"617":5,"618":0,"619":0,"621":2,"623":5,"624":1,"625":1,"626":1,"627":1,"628":1,"629":1,"630":0,"631":0,"632":0,"633":1,"634":0,"635":0,"636":0,"637":1,"638":0,"639":0,"640":0,"642":2,"643":2,"644":2,"645":2,"647":5,"648":0,"649":0,"650":0,"651":0,"652":0,"654":1,"655":1,"656":1,"657":1,"658":5},"branchMap":{"0":{"type":"branch","line":9,"loc":{"start":{"line":9,"column":26},"end":{"line":19,"column":2}},"locations":[{"start":{"line":9,"column":26},"end":{"line":19,"column":2}}]},"1":{"type":"branch","line":10,"loc":{"start":{"line":10,"column":18},"end":{"line":10,"column":49}},"locations":[{"start":{"line":10,"column":18},"end":{"line":10,"column":49}}]},"2":{"type":"branch","line":10,"loc":{"start":{"line":10,"column":41},"end":{"line":10,"column":63}},"locations":[{"start":{"line":10,"column":41},"end":{"line":10,"column":63}}]},"3":{"type":"branch","line":10,"loc":{"start":{"line":10,"column":63},"end":{"line":10,"column":80}},"locations":[{"start":{"line":10,"column":63},"end":{"line":10,"column":80}}]},"4":{"type":"branch","line":10,"loc":{"start":{"line":10,"column":70},"end":{"line":17,"column":5}},"locations":[{"start":{"line":10,"column":70},"end":{"line":17,"column":5}}]},"5":{"type":"branch","line":14,"loc":{"start":{"line":14,"column":8},"end":{"line":16,"column":9}},"locations":[{"start":{"line":14,"column":8},"end":{"line":16,"column":9}}]},"6":{"type":"branch","line":17,"loc":{"start":{"line":17,"column":4},"end":{"line":19,"column":2}},"locations":[{"start":{"line":17,"column":4},"end":{"line":19,"column":2}}]},"7":{"type":"branch","line":25,"loc":{"start":{"line":25,"column":36},"end":{"line":66,"column":2}},"locations":[{"start":{"line":25,"column":36},"end":{"line":66,"column":2}}]},"8":{"type":"branch","line":32,"loc":{"start":{"line":32,"column":20},"end":{"line":37,"column":9}},"locations":[{"start":{"line":32,"column":20},"end":{"line":37,"column":9}}]},"9":{"type":"branch","line":39,"loc":{"start":{"line":39,"column":24},"end":{"line":44,"column":9}},"locations":[{"start":{"line":39,"column":24},"end":{"line":44,"column":9}}]},"10":{"type":"branch","line":41,"loc":{"start":{"line":41,"column":31},"end":{"line":43,"column":13}},"locations":[{"start":{"line":41,"column":31},"end":{"line":43,"column":13}}]},"11":{"type":"branch","line":60,"loc":{"start":{"line":60,"column":9},"end":{"line":63,"column":13}},"locations":[{"start":{"line":60,"column":9},"end":{"line":63,"column":13}}]},"12":{"type":"branch","line":63,"loc":{"start":{"line":63,"column":4},"end":{"line":65,"column":5}},"locations":[{"start":{"line":63,"column":4},"end":{"line":65,"column":5}}]},"13":{"type":"branch","line":73,"loc":{"start":{"line":73,"column":39},"end":{"line":100,"column":2}},"locations":[{"start":{"line":73,"column":39},"end":{"line":100,"column":2}}]},"14":{"type":"branch","line":80,"loc":{"start":{"line":80,"column":24},"end":{"line":90,"column":9}},"locations":[{"start":{"line":80,"column":24},"end":{"line":90,"column":9}}]},"15":{"type":"branch","line":84,"loc":{"start":{"line":84,"column":13},"end":{"line":85,"column":15}},"locations":[{"start":{"line":84,"column":13},"end":{"line":85,"column":15}}]},"16":{"type":"branch","line":90,"loc":{"start":{"line":90,"column":8},"end":{"line":92,"column":56}},"locations":[{"start":{"line":90,"column":8},"end":{"line":92,"column":56}}]},"17":{"type":"branch","line":92,"loc":{"start":{"line":92,"column":56},"end":{"line":94,"column":9}},"locations":[{"start":{"line":92,"column":56},"end":{"line":94,"column":9}}]},"18":{"type":"branch","line":94,"loc":{"start":{"line":94,"column":8},"end":{"line":97,"column":13}},"locations":[{"start":{"line":94,"column":8},"end":{"line":97,"column":13}}]},"19":{"type":"branch","line":97,"loc":{"start":{"line":97,"column":4},"end":{"line":99,"column":5}},"locations":[{"start":{"line":97,"column":4},"end":{"line":99,"column":5}}]},"20":{"type":"branch","line":107,"loc":{"start":{"line":107,"column":34},"end":{"line":168,"column":2}},"locations":[{"start":{"line":107,"column":34},"end":{"line":168,"column":2}}]},"21":{"type":"branch","line":110,"loc":{"start":{"line":110,"column":19},"end":{"line":112,"column":9}},"locations":[{"start":{"line":110,"column":19},"end":{"line":112,"column":9}}]},"22":{"type":"branch","line":112,"loc":{"start":{"line":112,"column":8},"end":{"line":119,"column":36}},"locations":[{"start":{"line":112,"column":8},"end":{"line":119,"column":36}}]},"23":{"type":"branch","line":119,"loc":{"start":{"line":119,"column":36},"end":{"line":124,"column":19}},"locations":[{"start":{"line":119,"column":36},"end":{"line":124,"column":19}}]},"24":{"type":"branch","line":124,"loc":{"start":{"line":124,"column":8},"end":{"line":130,"column":20}},"locations":[{"start":{"line":124,"column":8},"end":{"line":130,"column":20}}]},"25":{"type":"branch","line":124,"loc":{"start":{"line":124,"column":43},"end":{"line":126,"column":15}},"locations":[{"start":{"line":124,"column":43},"end":{"line":126,"column":15}}]},"26":{"type":"branch","line":126,"loc":{"start":{"line":126,"column":8},"end":{"line":128,"column":9}},"locations":[{"start":{"line":126,"column":8},"end":{"line":128,"column":9}}]},"27":{"type":"branch","line":130,"loc":{"start":{"line":130,"column":20},"end":{"line":135,"column":9}},"locations":[{"start":{"line":130,"column":20},"end":{"line":135,"column":9}}]},"28":{"type":"branch","line":135,"loc":{"start":{"line":135,"column":8},"end":{"line":137,"column":20}},"locations":[{"start":{"line":135,"column":8},"end":{"line":137,"column":20}}]},"29":{"type":"branch","line":137,"loc":{"start":{"line":137,"column":20},"end":{"line":139,"column":9}},"locations":[{"start":{"line":137,"column":20},"end":{"line":139,"column":9}}]},"30":{"type":"branch","line":139,"loc":{"start":{"line":139,"column":8},"end":{"line":162,"column":11}},"locations":[{"start":{"line":139,"column":8},"end":{"line":162,"column":11}}]},"31":{"type":"branch","line":162,"loc":{"start":{"line":162,"column":9},"end":{"line":165,"column":13}},"locations":[{"start":{"line":162,"column":9},"end":{"line":165,"column":13}}]},"32":{"type":"branch","line":165,"loc":{"start":{"line":165,"column":4},"end":{"line":167,"column":5}},"locations":[{"start":{"line":165,"column":4},"end":{"line":167,"column":5}}]},"33":{"type":"branch","line":175,"loc":{"start":{"line":175,"column":37},"end":{"line":218,"column":2}},"locations":[{"start":{"line":175,"column":37},"end":{"line":218,"column":2}}]},"34":{"type":"branch","line":177,"loc":{"start":{"line":177,"column":27},"end":{"line":179,"column":5}},"locations":[{"start":{"line":177,"column":27},"end":{"line":179,"column":5}}]},"35":{"type":"branch","line":179,"loc":{"start":{"line":179,"column":4},"end":{"line":183,"column":19}},"locations":[{"start":{"line":179,"column":4},"end":{"line":183,"column":19}}]},"36":{"type":"branch","line":183,"loc":{"start":{"line":183,"column":19},"end":{"line":185,"column":9}},"locations":[{"start":{"line":183,"column":19},"end":{"line":185,"column":9}}]},"37":{"type":"branch","line":185,"loc":{"start":{"line":185,"column":8},"end":{"line":197,"column":11}},"locations":[{"start":{"line":185,"column":8},"end":{"line":197,"column":11}}]},"38":{"type":"branch","line":197,"loc":{"start":{"line":197,"column":9},"end":{"line":199,"column":22}},"locations":[{"start":{"line":197,"column":9},"end":{"line":199,"column":22}}]},"39":{"type":"branch","line":199,"loc":{"start":{"line":199,"column":22},"end":{"line":201,"column":9}},"locations":[{"start":{"line":199,"column":22},"end":{"line":201,"column":9}}]},"40":{"type":"branch","line":201,"loc":{"start":{"line":201,"column":8},"end":{"line":203,"column":36}},"locations":[{"start":{"line":201,"column":8},"end":{"line":203,"column":36}}]},"41":{"type":"branch","line":203,"loc":{"start":{"line":203,"column":36},"end":{"line":212,"column":9}},"locations":[{"start":{"line":203,"column":36},"end":{"line":212,"column":9}}]},"42":{"type":"branch","line":208,"loc":{"start":{"line":208,"column":50},"end":{"line":210,"column":13}},"locations":[{"start":{"line":208,"column":50},"end":{"line":210,"column":13}}]},"43":{"type":"branch","line":212,"loc":{"start":{"line":212,"column":8},"end":{"line":215,"column":13}},"locations":[{"start":{"line":212,"column":8},"end":{"line":215,"column":13}}]},"44":{"type":"branch","line":215,"loc":{"start":{"line":215,"column":4},"end":{"line":217,"column":5}},"locations":[{"start":{"line":215,"column":4},"end":{"line":217,"column":5}}]},"45":{"type":"branch","line":220,"loc":{"start":{"line":220,"column":31},"end":{"line":244,"column":2}},"locations":[{"start":{"line":220,"column":31},"end":{"line":244,"column":2}}]},"46":{"type":"branch","line":223,"loc":{"start":{"line":223,"column":19},"end":{"line":223,"column":87}},"locations":[{"start":{"line":223,"column":19},"end":{"line":223,"column":87}}]},"47":{"type":"branch","line":223,"loc":{"start":{"line":223,"column":85},"end":{"line":226,"column":36}},"locations":[{"start":{"line":223,"column":85},"end":{"line":226,"column":36}}]},"48":{"type":"branch","line":226,"loc":{"start":{"line":226,"column":36},"end":{"line":228,"column":19}},"locations":[{"start":{"line":226,"column":36},"end":{"line":228,"column":19}}]},"49":{"type":"branch","line":228,"loc":{"start":{"line":228,"column":8},"end":{"line":238,"column":11}},"locations":[{"start":{"line":228,"column":8},"end":{"line":238,"column":11}}]},"50":{"type":"branch","line":228,"loc":{"start":{"line":228,"column":44},"end":{"line":230,"column":9}},"locations":[{"start":{"line":228,"column":44},"end":{"line":230,"column":9}}]},"51":{"type":"branch","line":238,"loc":{"start":{"line":238,"column":9},"end":{"line":241,"column":13}},"locations":[{"start":{"line":238,"column":9},"end":{"line":241,"column":13}}]},"52":{"type":"branch","line":241,"loc":{"start":{"line":241,"column":4},"end":{"line":243,"column":5}},"locations":[{"start":{"line":241,"column":4},"end":{"line":243,"column":5}}]},"53":{"type":"branch","line":257,"loc":{"start":{"line":257,"column":26},"end":{"line":372,"column":2}},"locations":[{"start":{"line":257,"column":26},"end":{"line":372,"column":2}}]},"54":{"type":"branch","line":260,"loc":{"start":{"line":260,"column":19},"end":{"line":262,"column":9}},"locations":[{"start":{"line":260,"column":19},"end":{"line":262,"column":9}}]},"55":{"type":"branch","line":262,"loc":{"start":{"line":262,"column":8},"end":{"line":266,"column":37}},"locations":[{"start":{"line":262,"column":8},"end":{"line":266,"column":37}}]},"56":{"type":"branch","line":266,"loc":{"start":{"line":266,"column":30},"end":{"line":266,"column":82}},"locations":[{"start":{"line":266,"column":30},"end":{"line":266,"column":82}}]},"57":{"type":"branch","line":266,"loc":{"start":{"line":266,"column":77},"end":{"line":266,"column":87}},"locations":[{"start":{"line":266,"column":77},"end":{"line":266,"column":87}}]},"58":{"type":"branch","line":268,"loc":{"start":{"line":268,"column":13},"end":{"line":268,"column":34}},"locations":[{"start":{"line":268,"column":13},"end":{"line":268,"column":34}}]},"59":{"type":"branch","line":268,"loc":{"start":{"line":268,"column":23},"end":{"line":268,"column":44}},"locations":[{"start":{"line":268,"column":23},"end":{"line":268,"column":44}}]},"60":{"type":"branch","line":268,"loc":{"start":{"line":268,"column":44},"end":{"line":270,"column":9}},"locations":[{"start":{"line":268,"column":44},"end":{"line":270,"column":9}}]},"61":{"type":"branch","line":270,"loc":{"start":{"line":270,"column":8},"end":{"line":273,"column":28}},"locations":[{"start":{"line":270,"column":8},"end":{"line":273,"column":28}}]},"62":{"type":"branch","line":273,"loc":{"start":{"line":273,"column":28},"end":{"line":275,"column":9}},"locations":[{"start":{"line":273,"column":28},"end":{"line":275,"column":9}}]},"63":{"type":"branch","line":275,"loc":{"start":{"line":275,"column":8},"end":{"line":277,"column":36}},"locations":[{"start":{"line":275,"column":8},"end":{"line":277,"column":36}}]},"64":{"type":"branch","line":277,"loc":{"start":{"line":277,"column":36},"end":{"line":281,"column":19}},"locations":[{"start":{"line":277,"column":36},"end":{"line":281,"column":19}}]},"65":{"type":"branch","line":278,"loc":{"start":{"line":278,"column":34},"end":{"line":278,"column":73}},"locations":[{"start":{"line":278,"column":34},"end":{"line":278,"column":73}}]},"66":{"type":"branch","line":278,"loc":{"start":{"line":278,"column":73},"end":{"line":280,"column":13}},"locations":[{"start":{"line":278,"column":73},"end":{"line":280,"column":13}}]},"67":{"type":"branch","line":281,"loc":{"start":{"line":281,"column":8},"end":{"line":287,"column":9}},"locations":[{"start":{"line":281,"column":8},"end":{"line":287,"column":9}}]},"68":{"type":"branch","line":282,"loc":{"start":{"line":282,"column":44},"end":{"line":284,"column":13}},"locations":[{"start":{"line":282,"column":44},"end":{"line":284,"column":13}}]},"69":{"type":"branch","line":285,"loc":{"start":{"line":285,"column":8},"end":{"line":287,"column":9}},"locations":[{"start":{"line":285,"column":8},"end":{"line":287,"column":9}}]},"70":{"type":"branch","line":287,"loc":{"start":{"line":287,"column":8},"end":{"line":293,"column":81}},"locations":[{"start":{"line":287,"column":8},"end":{"line":293,"column":81}}]},"71":{"type":"branch","line":293,"loc":{"start":{"line":293,"column":78},"end":{"line":293,"column":81}},"locations":[{"start":{"line":293,"column":78},"end":{"line":293,"column":81}}]},"72":{"type":"branch","line":293,"loc":{"start":{"line":293,"column":81},"end":{"line":296,"column":9}},"locations":[{"start":{"line":293,"column":81},"end":{"line":296,"column":9}}]},"73":{"type":"branch","line":296,"loc":{"start":{"line":296,"column":8},"end":{"line":300,"column":43}},"locations":[{"start":{"line":296,"column":8},"end":{"line":300,"column":43}}]},"74":{"type":"branch","line":300,"loc":{"start":{"line":300,"column":43},"end":{"line":312,"column":9}},"locations":[{"start":{"line":300,"column":43},"end":{"line":312,"column":9}}]},"75":{"type":"branch","line":301,"loc":{"start":{"line":301,"column":38},"end":{"line":309,"column":19}},"locations":[{"start":{"line":301,"column":38},"end":{"line":309,"column":19}}]},"76":{"type":"branch","line":312,"loc":{"start":{"line":312,"column":8},"end":{"line":315,"column":24}},"locations":[{"start":{"line":312,"column":8},"end":{"line":315,"column":24}}]},"77":{"type":"branch","line":315,"loc":{"start":{"line":315,"column":24},"end":{"line":321,"column":15}},"locations":[{"start":{"line":315,"column":24},"end":{"line":321,"column":15}}]},"78":{"type":"branch","line":321,"loc":{"start":{"line":321,"column":8},"end":{"line":337,"column":73}},"locations":[{"start":{"line":321,"column":8},"end":{"line":337,"column":73}}]},"79":{"type":"branch","line":343,"loc":{"start":{"line":343,"column":24},"end":{"line":343,"column":50}},"locations":[{"start":{"line":343,"column":24},"end":{"line":343,"column":50}}]},"80":{"type":"branch","line":343,"loc":{"start":{"line":343,"column":46},"end":{"line":343,"column":55}},"locations":[{"start":{"line":343,"column":46},"end":{"line":343,"column":55}}]},"81":{"type":"branch","line":345,"loc":{"start":{"line":345,"column":9},"end":{"line":347,"column":57}},"locations":[{"start":{"line":345,"column":9},"end":{"line":347,"column":57}}]},"82":{"type":"branch","line":347,"loc":{"start":{"line":347,"column":57},"end":{"line":355,"column":44}},"locations":[{"start":{"line":347,"column":57},"end":{"line":355,"column":44}}]},"83":{"type":"branch","line":355,"loc":{"start":{"line":355,"column":44},"end":{"line":366,"column":9}},"locations":[{"start":{"line":355,"column":44},"end":{"line":366,"column":9}}]},"84":{"type":"branch","line":366,"loc":{"start":{"line":366,"column":8},"end":{"line":371,"column":5}},"locations":[{"start":{"line":366,"column":8},"end":{"line":371,"column":5}}]},"85":{"type":"branch","line":381,"loc":{"start":{"line":381,"column":29},"end":{"line":425,"column":2}},"locations":[{"start":{"line":381,"column":29},"end":{"line":425,"column":2}}]},"86":{"type":"branch","line":383,"loc":{"start":{"line":383,"column":27},"end":{"line":385,"column":5}},"locations":[{"start":{"line":383,"column":27},"end":{"line":385,"column":5}}]},"87":{"type":"branch","line":385,"loc":{"start":{"line":385,"column":4},"end":{"line":389,"column":19}},"locations":[{"start":{"line":385,"column":4},"end":{"line":389,"column":19}}]},"88":{"type":"branch","line":389,"loc":{"start":{"line":389,"column":19},"end":{"line":391,"column":9}},"locations":[{"start":{"line":389,"column":19},"end":{"line":391,"column":9}}]},"89":{"type":"branch","line":391,"loc":{"start":{"line":391,"column":8},"end":{"line":398,"column":22}},"locations":[{"start":{"line":391,"column":8},"end":{"line":398,"column":22}}]},"90":{"type":"branch","line":398,"loc":{"start":{"line":398,"column":22},"end":{"line":400,"column":9}},"locations":[{"start":{"line":398,"column":22},"end":{"line":400,"column":9}}]},"91":{"type":"branch","line":400,"loc":{"start":{"line":400,"column":8},"end":{"line":402,"column":36}},"locations":[{"start":{"line":400,"column":8},"end":{"line":402,"column":36}}]},"92":{"type":"branch","line":402,"loc":{"start":{"line":402,"column":36},"end":{"line":409,"column":19}},"locations":[{"start":{"line":402,"column":36},"end":{"line":409,"column":19}}]},"93":{"type":"branch","line":403,"loc":{"start":{"line":403,"column":51},"end":{"line":405,"column":14}},"locations":[{"start":{"line":403,"column":51},"end":{"line":405,"column":14}}]},"94":{"type":"branch","line":406,"loc":{"start":{"line":406,"column":36},"end":{"line":406,"column":83}},"locations":[{"start":{"line":406,"column":36},"end":{"line":406,"column":83}}]},"95":{"type":"branch","line":406,"loc":{"start":{"line":406,"column":83},"end":{"line":408,"column":14}},"locations":[{"start":{"line":406,"column":83},"end":{"line":408,"column":14}}]},"96":{"type":"branch","line":409,"loc":{"start":{"line":409,"column":8},"end":{"line":411,"column":9}},"locations":[{"start":{"line":409,"column":8},"end":{"line":411,"column":9}}]},"97":{"type":"branch","line":409,"loc":{"start":{"line":409,"column":44},"end":{"line":411,"column":9}},"locations":[{"start":{"line":409,"column":44},"end":{"line":411,"column":9}}]},"98":{"type":"branch","line":411,"loc":{"start":{"line":411,"column":8},"end":{"line":413,"column":31}},"locations":[{"start":{"line":411,"column":8},"end":{"line":413,"column":31}}]},"99":{"type":"branch",
[...]
,"C:\\Users\\henri\\Desktop\\techaxis\\techaxis\\server\\src\\routes\\commentRoutes.ts": {"path":"C:\\Users\\henri\\Desktop\\techaxis\\techaxis\\server\\src\\routes\\commentRoutes.ts","all":true,"statementMap":{"0":{"start":{"line":1,"column":0},"end":{"line":1,"column":30}},"1":{"start":{"line":2,"column":0},"end":{"line":2,"column":58}},"2":{"start":{"line":3,"column":0},"end":{"line":3,"column":102}},"4":{"start":{"line":5,"column":0},"end":{"line":5,"column":32}},"6":{"start":{"line":7,"column":0},"end":{"line":7,"column":46}},"7":{"start":{"line":8,"column":0},"end":{"line":8,"column":56}},"8":{"start":{"line":9,"column":0},"end":{"line":9,"column":51}},"10":{"start":{"line":11,"column":0},"end":{"line":11,"column":22}}},"s":{"0":0,"1":0,"2":0,"4":0,"6":0,"7":0,"8":0,"10":0},"branchMap":{"0":{"type":"branch","line":1,"loc":{"start":{"line":1,"column":417},"end":{"line":11,"column":22}},"locations":[{"start":{"line":1,"column":417},"end":{"line":11,"column":22}}]}},"b":{"0":[0]},"fnMap":{"0":{"name":"(empty-report)","decl":{"start":{"line":1,"column":417},"end":{"line":11,"column":22}},"loc":{"start":{"line":1,"column":417},"end":{"line":11,"column":22}},"line":1}},"f":{"0":0}}
,"C:\\Users\\henri\\Desktop\\techaxis\\techaxis\\server\\src\\routes\\favoriteRoutes.ts": {"path":"C:\\Users\\henri\\Desktop\\techaxis\\techaxis\\server\\src\\routes\\favoriteRoutes.ts","all":true,"statementMap":{"0":{"start":{"line":1,"column":0},"end":{"line":1,"column":33}},"1":{"start":{"line":2,"column":0},"end":{"line":2,"column":125}},"2":{"start":{"line":3,"column":0},"end":{"line":3,"column":58}},"4":{"start":{"line":5,"column":0},"end":{"line":5,"column":24}},"6":{"start":{"line":7,"column":0},"end":{"line":7,"column":44}},"7":{"start":{"line":8,"column":0},"end":{"line":8,"column":49}},"8":{"start":{"line":9,"column":0},"end":{"line":9,"column":61}},"9":{"start":{"line":10,"column":0},"end":{"line":10,"column":54}},"10":{"start":{"line":11,"column":0},"end":{"line":11,"column":59}},"12":{"start":{"line":13,"column":0},"end":{"line":13,"column":22}}},"s":{"0":0,"1":0,"2":0,"4":0,"6":0,"7":0,"8":0,"9":0,"10":0,"12":0},"branchMap":{"0":{"type":"branch","line":1,"loc":{"start":{"line":1,"column":553},"end":{"line":13,"column":22}},"locations":[{"start":{"line":1,"column":553},"end":{"line":13,"column":22}}]}},"b":{"0":[0]},"fnMap":{"0":{"name":"(empty-report)","decl":{"start":{"line":1,"column":553},"end":{"line":13,"column":22}},"loc":{"start":{"line":1,"column":553},"end":{"line":13,"column":22}},"line":1}},"f":{"0":0}}
,"C:\\Users\\henri\\Desktop\\techaxis\\techaxis\\server\\src\\routes\\notificationRoutes.ts": {"path":"C:\\Users\\henri\\Desktop\\techaxis\\techaxis\\server\\src\\routes\\notificationRoutes.ts","all":true,"statementMap":{"0":{"start":{"line":1,"column":0},"end":{"line":1,"column":33}},"1":{"start":{"line":2,"column":0},"end":{"line":2,"column":58}},"2":{"start":{"line":3,"column":0},"end":{"line":3,"column":8}},"9":{"start":{"line":10,"column":0},"end":{"line":10,"column":24}},"11":{"start":{"line":12,"column":0},"end":{"line":12,"column":48}},"12":{"start":{"line":13,"column":0},"end":{"line":13,"column":58}},"13":{"start":{"line":14,"column":0},"end":{"line":14,"column":52}},"14":{"start":{"line":15,"column":0},"end":{"line":15,"column":55}},"16":{"start":{"line":17,"column":0},"end":{"line":17,"column":22}}},"s":{"0":0,"1":0,"2":0,"9":0,"11":0,"12":0,"13":0,"14":0,"16":0},"branchMap":{"0":{"type":"branch","line":1,"loc":{"start":{"line":1,"column":510},"end":{"line":17,"column":22}},"locations":[{"start":{"line":1,"column":510},"end":{"line":17,"column":22}}]}},"b":{"0":[0]},"fnMap":{"0":{"name":"(empty-report)","decl":{"start":{"line":1,"column":510},"end":{"line":17,"column":22}},"loc":{"start":{"line":1,"column":510},"end":{"line":17,"column":22}},"line":1}},"f":{"0":0}}
,"C:\\Users\\henri\\Desktop\\techaxis\\techaxis\\server\\src\\routes\\routes.ts": {"path":"C:\\Users\\henri\\Desktop\\techaxis\\techaxis\\server\\src\\routes\\routes.ts","all":true,"statementMap":{"0":{"start":{"line":1,"column":0},"end":{"line":1,"column":33}},"1":{"start":{"line":2,"column":0},"end":{"line":2,"column":44}},"2":{"start":{"line":3,"column":0},"end":{"line":3,"column":38}},"3":{"start":{"line":4,"column":0},"end":{"line":4,"column":38}},"4":{"start":{"line":5,"column":0},"end":{"line":5,"column":46}},"5":{"start":{"line":6,"column":0},"end":{"line":6,"column":38}},"6":{"start":{"line":7,"column":0},"end":{"line":7,"column":54}},"7":{"start":{"line":8,"column":0},"end":{"line":8,"column":46}},"8":{"start":{"line":9,"column":0},"end":{"line":9,"column":44}},"10":{"start":{"line":11,"column":0},"end":{"line":11,"column":24}},"12":{"start":{"line":13,"column":0},"end":{"line":13,"column":39}},"13":{"start":{"line":14,"column":0},"end":{"line":14,"column":33}},"14":{"start":{"line":15,"column":0},"end":{"line":15,"column":42}},"15":{"start":{"line":16,"column":0},"end":{"line":16,"column":32}},"16":{"start":{"line":17,"column":0},"end":{"line":17,"column":33}},"17":{"start":{"line":18,"column":0},"end":{"line":18,"column":49}},"18":{"start":{"line":19,"column":0},"end":{"line":19,"column":41}},"19":{"start":{"line":20,"column":0},"end":{"line":20,"column":39}},"21":{"start":{"line":22,"column":0},"end":{"line":22,"column":22}}},"s":{"0":0,"1":0,"2":0,"3":0,"4":0,"5":0,"6":0,"7":0,"8":0,"10":0,"12":0,"13":0,"14":0,"15":0,"16":0,"17":0,"18":0,"19":0,"21":0},"branchMap":{"0":{"type":"branch","line":1,"loc":{"start":{"line":1,"column":777},"end":{"line":22,"column":22}},"locations":[{"start":{"line":1,"column":777},"end":{"line":22,"column":22}}]}},"b":{"0":[0]},"fnMap":{"0":{"name":"(empty-report)","decl":{"start":{"line":1,"column":777},"end":{"line":22,"column":22}},"loc":{"start":{"line":1,"column":777},"end":{"line":22,"column":22}},"line":1}},"f":{"0":0}}
,"C:\\Users\\henri\\Desktop\\techaxis\\techaxis\\server\\src\\routes\\taskRoutes.ts": {"path":"C:\\Users\\henri\\Desktop\\techaxis\\techaxis\\server\\src\\routes\\taskRoutes.ts","all":true,"statementMap":{"0":{"start":{"line":1,"column":0},"end":{"line":1,"column":33}},"1":{"start":{"line":2,"column":0},"end":{"line":2,"column":58}},"2":{"start":{"line":3,"column":0},"end":{"line":3,"column":147}},"3":{"start":{"line":4,"column":0},"end":{"line":4,"column":62}},"5":{"start":{"line":6,"column":0},"end":{"line":6,"column":24}},"7":{"start":{"line":8,"column":0},"end":{"line":8,"column":43}},"8":{"start":{"line":9,"column":0},"end":{"line":9,"column":46}},"9":{"start":{"line":10,"column":0},"end":{"line":10,"column":59}},"10":{"start":{"line":11,"column":0},"end":{"line":11,"column":49}},"11":{"start":{"line":12,"column":0},"end":{"line":12,"column":49}},"12":{"start":{"line":13,"column":0},"end":{"line":13,"column":61}},"13":{"start":{"line":14,"column":0},"end":{"line":14,"column":67}},"14":{"start":{"line":15,"column":0},"end":{"line":15,"column":64}},"16":{"start":{"line":17,"column":0},"end":{"line":17,"column":22}}},"s":{"0":0,"1":0,"2":0,"3":0,"5":0,"7":0,"8":0,"9":0,"10":0,"11":0,"12":0,"13":0,"14":0,"16":0},"branchMap":{"0":{"type":"branch","line":1,"loc":{"start":{"line":1,"column":816},"end":{"line":17,"column":22}},"locations":[{"start":{"line":1,"column":816},"end":{"line":17,"column":22}}]}},"b":{"0":[0]},"fnMap":{"0":{"name":"(empty-report)","decl":{"start":{"line":1,"column":816},"end":{"line":17,"column":22}},"loc":{"start":{"line":1,"column":816},"end":{"line":17,"column":22}},"line":1}},"f":{"0":0}}
,"C:\\Users\\henri\\Desktop\\techaxis\\techaxis\\server\\src\\routes\\userRoutes.ts": {"path":"C:\\Users\\henri\\Desktop\\techaxis\\techaxis\\server\\src\\routes\\userRoutes.ts","all":true,"statementMap":{"0":{"start":{"line":1,"column":0},"end":{"line":1,"column":33}},"1":{"start":{"line":2,"column":0},"end":{"line":2,"column":58}},"2":{"start":{"line":3,"column":0},"end":{"line":3,"column":156}},"3":{"start":{"line":4,"column":0},"end":{"line":4,"column":62}},"5":{"start":{"line":6,"column":0},"end":{"line":6,"column":24}},"7":{"start":{"line":8,"column":0},"end":{"line":8,"column":37}},"8":{"start":{"line":9,"column":0},"end":{"line":9,"column":54}},"9":{"start":{"line":10,"column":0},"end":{"line":10,"column":59}},"10":{"start":{"line":11,"column":0},"end":{"line":11,"column":59}},"11":{"start":{"line":12,"column":0},"end":{"line":12,"column":65}},"12":{"start":{"line":13,"column":0},"end":{"line":13,"column":62}},"13":{"start":{"line":14,"column":0},"end":{"line":14,"column":61}},"14":{"start":{"line":15,"column":0},"end":{"line":15,"column":87}},"15":{"start":{"line":16,"column":0},"end":{"line":16,"column":64}},"17":{"start":{"line":18,"column":0},"end":{"line":18,"column":22}}},"s":{"0":0,"1":0,"2":0,"3":0,"5":0,"7":0,"8":0,"9":0,"10":0,"11":0,"12":0,"13":0,"14":0,"15":0,"17":0},"branchMap":{"0":{"type":"branch","line":1,"loc":{"start":{"line":1,"column":937},"end":{"line":18,"column":22}},"locations":[{"start":{"line":1,"column":937},"end":{"line":18,"column":22}}]}},"b":{"0":[0]},"fnMap":{"0":{"name":"(empty-report)","decl":{"start":{"line":1,"column":937},"end":{"line":18,"column":22}},"loc":{"start":{"line":1,"column":937},"end":{"line":18,"column":22}},"line":1}},"f":{"0":0}}
,"C:\\Users\\henri\\Desktop\\techaxis\\techaxis\\server\\src\\utils\\auth.ts": {"path":"C:\\Users\\henri\\Desktop\\techaxis\\techaxis\\server\\src\\utils\\auth.ts","all":true,"statementMap":{"0":{"start":{"line":1,"column":0},"end":{"line":1,"column":31}},"1":{"start":{"line":2,"column":0},"end":{"line":2,"column":39}},"8":{"start":{"line":9,"column":0},"end":{"line":9,"column":44}},"9":{"start":{"line":10,"column":0},"end":{"line":10,"column":24}},"10":{"start":{"line":11,"column":0},"end":{"line":11,"column":45}},"11":{"start":{"line":12,"column":0},"end":{"line":12,"column":3}},"12":{"start":{"line":13,"column":0},"end":{"line":13,"column":100}},"13":{"start":{"line":14,"column":0},"end":{"line":14,"column":51}},"14":{"start":{"line":15,"column":0},"end":{"line":15,"column":1}},"21":{"start":{"line":22,"column":0},"end":{"line":22,"column":61}},"22":{"start":{"line":23,"column":0},"end":{"line":23,"column":24}},"23":{"start":{"line":24,"column":0},"end":{"line":24,"column":45}},"24":{"start":{"line":25,"column":0},"end":{"line":25,"column":3}},"25":{"start":{"line":26,"column":0},"end":{"line":26,"column":52}},"26":{"start":{"line":27,"column":0},"end":{"line":27,"column":36}},"27":{"start":{"line":28,"column":0},"end":{"line":28,"column":55}},"28":{"start":{"line":29,"column":0},"end":{"line":29,"column":3}},"29":{"start":{"line":30,"column":0},"end":{"line":30,"column":17}},"30":{"start":{"line":31,"column":0},"end":{"line":31,"column":1}}},"s":{"0":0,"1":0,"8":0,"9":0,"10":0,"11":0,"12":0,"13":0,"14":0,"21":0,"22":0,"23":0,"24":0,"25":0,"26":0,"27":0,"28":0,"29":0,"30":0},"branchMap":{"0":{"type":"branch","line":1,"loc":{"start":{"line":1,"column":940},"end":{"line":31,"column":1}},"locations":[{"start":{"line":1,"column":940},"end":{"line":31,"column":1}}]}},"b":{"0":[0]},"fnMap":{"0":{"name":"(empty-report)","decl":{"start":{"line":1,"column":940},"end":{"line":31,"column":1}},"loc":{"start":{"line":1,"column":940},"end":{"line":31,"column":1}},"line":1}},"f":{"0":0}}
,"C:\\Users\\henri\\Desktop\\techaxis\\techaxis\\server\\src\\utils\\pagination.ts": {"path":"C:\\Users\\henri\\Desktop\\techaxis\\techaxis\\server\\src\\utils\\pagination.ts","all":false,"statementMap":{"14":{"start":{"line":15,"column":0},"end":{"line":15,"column":101}},"15":{"start":{"line":16,"column":0},"end":{"line":16,"column":56}},"16":{"start":{"line":17,"column":0},"end":{"line":17,"column":59}},"17":{"start":{"line":18,"column":0},"end":{"line":18,"column":34}},"18":{"start":{"line":19,"column":0},"end":{"line":19,"column":31}},"19":{"start":{"line":20,"column":0},"end":{"line":20,"column":2}},"21":{"start":{"line":22,"column":0},"end":{"line":22,"column":122}},"22":{"start":{"line":23,"column":0},"end":{"line":23,"column":10}},"23":{"start":{"line":24,"column":0},"end":{"line":24,"column":9}},"24":{"start":{"line":25,"column":0},"end":{"line":25,"column":11}},"25":{"start":{"line":26,"column":0},"end":{"line":26,"column":12}},"26":{"start":{"line":27,"column":0},"end":{"line":27,"column":11}},"27":{"start":{"line":28,"column":0},"end":{"line":28,"column":12}},"28":{"start":{"line":29,"column":0},"end":{"line":29,"column":43}},"29":{"start":{"line":30,"column":0},"end":{"line":30,"column":6}},"30":{"start":{"line":31,"column":0},"end":{"line":31,"column":4}},"31":{"start":{"line":32,"column":0},"end":{"line":32,"column":2}}},"s":{"14":1,"15":8,"16":8,"17":8,"18":8,"19":8,"21":1,"22":5,"23":5,"24":5,"25":5,"26":5,"27":5,"28":5,"29":5,"30":5,"31":5},"branchMap":{"0":{"type":"branch","line":15,"loc":{"start":{"line":15,"column":35},"end":{"line":20,"column":2}},"locations":[{"start":{"line":15,"column":35},"end":{"line":20,"column":2}}]},"1":{"type":"branch","line":16,"loc":{"start":{"line":16,"column":48},"end":{"line":16,"column":54}},"locations":[{"start":{"line":16,"column":48},"end":{"line":16,"column":54}}]},"2":{"type":"branch","line":17,"loc":{"start":{"line":17,"column":50},"end":{"line":17,"column":57}},"locations":[{"start":{"line":17,"column":50},"end":{"line":17,"column":57}}]},"3":{"type":"branch","line":22,"loc":{"start":{"line":22,"column":39},"end":{"line":32,"column":2}},"locations":[{"start":{"line":22,"column":39},"end":{"line":32,"column":2}}]}},"b":{"0":[8],"1":[6],"2":[6],"3":[5]},"fnMap":{"0":{"name":"getPaginationParams","decl":{"start":{"line":15,"column":35},"end":{"line":20,"column":2}},"loc":{"start":{"line":15,"column":35},"end":{"line":20,"column":2}},"line":15},"1":{"name":"createPaginatedResponse","decl":{"start":{"line":22,"column":39},"end":{"line":32,"column":2}},"loc":{"start":{"line":22,"column":39},"end":{"line":32,"column":2}},"line":22}},"f":{"0":8,"1":5}}
,"C:\\Users\\henri\\Desktop\\techaxis\\techaxis\\server\\src\\utils\\roles.ts": {"path":"C:\\Users\\henri\\Desktop\\techaxis\\techaxis\\server\\src\\utils\\roles.ts","all":false,"statementMap":{"0":{"start":{"line":1,"column":0},"end":{"line":1,"column":48}},"1":{"start":{"line":2,"column":0},"end":{"line":2,"column":14}},"2":{"start":{"line":3,"column":0},"end":{"line":3,"column":14}},"3":{"start":{"line":4,"column":0},"end":{"line":4,"column":13}},"4":{"start":{"line":5,"column":0},"end":{"line":5,"column":18}},"5":{"start":{"line":6,"column":0},"end":{"line":6,"column":2}},"7":{"start":{"line":8,"column":0},"end":{"line":8,"column":52}},"8":{"start":{"line":9,"column":0},"end":{"line":9,"column":53}},"9":{"start":{"line":10,"column":0},"end":{"line":10,"column":1}},"11":{"start":{"line":12,"column":0},"end":{"line":12,"column":78}},"12":{"start":{"line":13,"column":0},"end":{"line":13,"column":82}},"13":{"start":{"line":14,"column":0},"end":{"line":14,"column":1}}},"s":{"0":1,"1":1,"2":1,"3":1,"4":1,"5":1,"7":1,"8":17,"9":17,"11":1,"12":0,"13":0},"branchMap":{"0":{"type":"branch","line":8,"loc":{"start":{"line":8,"column":7},"end":{"line":10,"column":1}},"locations":[{"start":{"line":8,"column":7},"end":{"line":10,"column":1}}]},"1":{"type":"branch","line":9,"loc":{"start":{"line":9,"column":20},"end":{"line":9,"column":53}},"locations":[{"start":{"line":9,"column":20},"end":{"line":9,"column":53}}]}},"b":{"0":[17],"1":[9]},"fnMap":{"0":{"name":"isAdminRole","decl":{"start":{"line":8,"column":7},"end":{"line":10,"column":1}},"loc":{"start":{"line":8,"column":7},"end":{"line":10,"column":1}},"line":8},"1":{"name":"isHigherThan","decl":{"start":{"line":12,"column":7},"end":{"line":14,"column":1}},"loc":{"start":{"line":12,"column":7},"end":{"line":14,"column":1}},"line":12}},"f":{"0":17,"1":0}}
,"C:\\Users\\henri\\Desktop\\techaxis\\techaxis\\server\\src\\utils\\scheduledPublisher.ts": {"path":"C:\\Users\\henri\\Desktop\\techaxis\\techaxis\\server\\src\\utils\\scheduledPublisher.ts","all":true,"statementMap":{"0":{"start":{"line":1,"column":0},"end":{"line":1,"column":45}},"2":{"start":{"line":3,"column":0},"end":{"line":3,"column":53}},"4":{"start":{"line":5,"column":0},"end":{"line":5,"column":43}},"5":{"start":{"line":6,"column":0},"end":{"line":6,"column":29}},"6":{"start":{"line":7,"column":0},"end":{"line":7,"column":13}},"7":{"start":{"line":8,"column":0},"end":{"line":8,"column":35}},"9":{"start":{"line":10,"column":0},"end":{"line":10,"column":60}},"10":{"start":{"line":11,"column":0},"end":{"line":11,"column":24}},"11":{"start":{"line":12,"column":0},"end":{"line":12,"column":40}},"12":{"start":{"line":13,"column":0},"end":{"line":13,"column":46}},"13":{"start":{"line":14,"column":0},"end":{"line":14,"column":18}},"14":{"start":{"line":15,"column":0},"end":{"line":15,"column":15}},"16":{"start":{"line":17,"column":0},"end":{"line":17,"column":45}},"17":{"start":{"line":18,"column":0},"end":{"line":18,"column":45}},"18":{"start":{"line":19,"column":0},"end":{"line":19,"column":46}},"19":{"start":{"line":20,"column":0},"end":{"line":20,"column":27}},"20":{"start":{"line":21,"column":0},"end":{"line":21,"column":44}},"21":{"start":{"line":22,"column":0},"end":{"line":22,"column":41}},"22":{"start":{"line":23,"column":0},"end":{"line":23,"column":42}},"23":{"start":{"line":24,"column":0},"end":{"line":24,"column":22}},"24":{"start":{"line":25,"column":0},"end":{"line":25,"column":19}},"26":{"start":{"line":27,"column":0},"end":{"line":27,"column":37}},"27":{"start":{"line":28,"column":0},"end":{"line":28,"column":46}},"28":{"start":{"line":29,"column":0},"end":{"line":29,"column":54}},"29":{"start":{"line":30,"column":0},"end":{"line":30,"column":52}},"30":{"start":{"line":31,"column":0},"end":{"line":31,"column":23}},"31":{"start":{"line":32,"column":0},"end":{"line":32,"column":17}},"33":{"start":{"line":34,"column":0},"end":{"line":34,"column":96}},"34":{"start":{"line":35,"column":0},"end":{"line":35,"column":13}},"35":{"start":{"line":36,"column":0},"end":{"line":36,"column":25}},"36":{"start":{"line":37,"column":0},"end":{"line":37,"column":85}},"37":{"start":{"line":38,"column":0},"end":{"line":38,"column":9}},"38":{"start":{"line":39,"column":0},"end":{"line":39,"column":20}},"40":{"start":{"line":41,"column":0},"end":{"line":41,"column":80}},"41":{"start":{"line":42,"column":0},"end":{"line":42,"column":1}}},"s":{"0":0,"2":0,"4":0,"5":0,"6":0,"7":0,"9":0,"10":0,"11":0,"12":0,"13":0,"14":0,"16":0,"17":0,"18":0,"19":0,"20":0,"21":0,"22":0,"23":0,"24":0,"26":0,"27":0,"28":0,"29":0,"30":0,"31":0,"33":0,"34":0,"35":0,"36":0,"37":0,"38":0,"40":0,"41":0},"branchMap":{"0":{"type":"branch","line":1,"loc":{"start":{"line":1,"column":1392},"end":{"line":42,"column":1}},"locations":[{"start":{"line":1,"column":1392},"end":{"line":42,"column":1}}]}},"b":{"0":[0]},"fnMap":{"0":{"name":"(empty-report)","decl":{"start":{"line":1,"column":1392},"end":{"line":42,"column":1}},"loc":{"start":{"line":1,"column":1392},"end":{"line":42,"column":1}},"line":1}},"f":{"0":0}}
}
